core   0: 0x00001000 (0x00000297) auipc   x5, 0x0
core   0: 3 0x00001000 (0x00000297) x5  0x00001000
core   1: 0x00001000 (0x00000297) auipc   x5, 0x0
core   1: 3 0x00001000 (0x00000297) x5  0x00001000
core   2: 0x00001000 (0x00000297) auipc   x5, 0x0
core   2: 3 0x00001000 (0x00000297) x5  0x00001000
core   3: 0x00001000 (0x00000297) auipc   x5, 0x0
core   3: 3 0x00001000 (0x00000297) x5  0x00001000
core   0: 0x00001004 (0x02028593) addi    x11, x5, 32
core   0: 3 0x00001004 (0x02028593) x11 0x00001020
core   1: 0x00001004 (0x02028593) addi    x11, x5, 32
core   1: 3 0x00001004 (0x02028593) x11 0x00001020
core   2: 0x00001004 (0x02028593) addi    x11, x5, 32
core   2: 3 0x00001004 (0x02028593) x11 0x00001020
core   3: 0x00001004 (0x02028593) addi    x11, x5, 32
core   3: 3 0x00001004 (0x02028593) x11 0x00001020
core   0: 0x00001008 (0xf1402573) csrr    x10, mhartid
core   0: 3 0x00001008 (0xf1402573) x10 0x00000000
core   1: 0x00001008 (0xf1402573) csrr    x10, mhartid
core   1: 3 0x00001008 (0xf1402573) x10 0x00000001
core   2: 0x00001008 (0xf1402573) csrr    x10, mhartid
core   2: 3 0x00001008 (0xf1402573) x10 0x00000002
core   3: 0x00001008 (0xf1402573) csrr    x10, mhartid
core   3: 3 0x00001008 (0xf1402573) x10 0x00000003
core   0: 0x0000100c (0x0182a283) lw      x5, 24(x5)
core   0: 3 0x0000100c (0x0182a283) x5  0x80000000 mem 0x00001018
core   1: 0x0000100c (0x0182a283) lw      x5, 24(x5)
core   1: 3 0x0000100c (0x0182a283) x5  0x80000000 mem 0x00001018
core   2: 0x0000100c (0x0182a283) lw      x5, 24(x5)
core   2: 3 0x0000100c (0x0182a283) x5  0x80000000 mem 0x00001018
core   3: 0x0000100c (0x0182a283) lw      x5, 24(x5)
core   3: 3 0x0000100c (0x0182a283) x5  0x80000000 mem 0x00001018
core   0: 0x00001010 (0x00028067) jr      x5
core   0: 3 0x00001010 (0x00028067)
core   1: 0x00001010 (0x00028067) jr      x5
core   1: 3 0x00001010 (0x00028067)
core   2: 0x00001010 (0x00028067) jr      x5
core   2: 3 0x00001010 (0x00028067)
core   3: 0x00001010 (0x00028067) jr      x5
core   3: 3 0x00001010 (0x00028067)
core   0: 0x80000000 (0x00005197) auipc   x3, 0x5
core   0: 3 0x80000000 (0x00005197) x3  0x80005000
core   1: 0x80000000 (0x00005197) auipc   x3, 0x5
core   1: 3 0x80000000 (0x00005197) x3  0x80005000
core   2: 0x80000000 (0x00005197) auipc   x3, 0x5
core   2: 3 0x80000000 (0x00005197) x3  0x80005000
core   3: 0x80000000 (0x00005197) auipc   x3, 0x5
core   3: 3 0x80000000 (0x00005197) x3  0x80005000
core   0: 0x80000004 (0x80818193) addi    x3, x3, -2040
core   0: 3 0x80000004 (0x80818193) x3  0x80004808
core   1: 0x80000004 (0x80818193) addi    x3, x3, -2040
core   1: 3 0x80000004 (0x80818193) x3  0x80004808
core   2: 0x80000004 (0x80818193) addi    x3, x3, -2040
core   2: 3 0x80000004 (0x80818193) x3  0x80004808
core   3: 0x80000004 (0x80818193) addi    x3, x3, -2040
core   3: 3 0x80000004 (0x80818193) x3  0x80004808
core   0: 0x80000008 (0x02000e93) li      x29, 32
core   0: 3 0x80000008 (0x02000e93) x29 0x00000020
core   1: 0x80000008 (0x02000e93) li      x29, 32
core   1: 3 0x80000008 (0x02000e93) x29 0x00000020
core   2: 0x80000008 (0x02000e93) li      x29, 32
core   2: 3 0x80000008 (0x02000e93) x29 0x00000020
core   3: 0x80000008 (0x02000e93) li      x29, 32
core   3: 3 0x80000008 (0x02000e93) x29 0x00000020
core   0: 0x8000000c (0x0d0efed7) vsetvli x29, x29, e32, m1, ta, ma
core   0: 3 0x8000000c (0x0d0efed7) x29 0x00000020 c8_vstart 0x00000000 c3104_vl 0x00000020 c3105_vtype 0x000000d0 c768_mstatus 0x80000600
core   1: 0x8000000c (0x0d0efed7) vsetvli x29, x29, e32, m1, ta, ma
core   1: 3 0x8000000c (0x0d0efed7) x29 0x00000020 c8_vstart 0x00000000 c3104_vl 0x00000020 c3105_vtype 0x000000d0 c768_mstatus 0x80000600
core   2: 0x8000000c (0x0d0efed7) vsetvli x29, x29, e32, m1, ta, ma
core   2: 3 0x8000000c (0x0d0efed7) x29 0x00000020 c8_vstart 0x00000000 c3104_vl 0x00000020 c3105_vtype 0x000000d0 c768_mstatus 0x80000600
core   3: 0x8000000c (0x0d0efed7) vsetvli x29, x29, e32, m1, ta, ma
core   3: 3 0x8000000c (0x0d0efed7) x29 0x00000020 c8_vstart 0x00000000 c3104_vl 0x00000020 c3105_vtype 0x000000d0 c768_mstatus 0x80000600
core   0: 0x80000010 (0x00002eb7) lui     x29, 0x2
core   0: 3 0x80000010 (0x00002eb7) x29 0x00002000
core   1: 0x80000010 (0x00002eb7) lui     x29, 0x2
core   1: 3 0x80000010 (0x00002eb7) x29 0x00002000
core   2: 0x80000010 (0x00002eb7) lui     x29, 0x2
core   2: 3 0x80000010 (0x00002eb7) x29 0x00002000
core   3: 0x80000010 (0x00002eb7) lui     x29, 0x2
core   3: 3 0x80000010 (0x00002eb7) x29 0x00002000
core   0: 0x80000014 (0x300eaef3) csrrs   x29, mstatus, x29
core   0: 3 0x80000014 (0x300eaef3) x29 0x80000600 c768_mstatus 0x80006600
core   1: 0x80000014 (0x300eaef3) csrrs   x29, mstatus, x29
core   1: 3 0x80000014 (0x300eaef3) x29 0x80000600 c768_mstatus 0x80006600
core   2: 0x80000014 (0x300eaef3) csrrs   x29, mstatus, x29
core   2: 3 0x80000014 (0x300eaef3) x29 0x80000600 c768_mstatus 0x80006600
core   3: 0x80000014 (0x300eaef3) csrrs   x29, mstatus, x29
core   3: 3 0x80000014 (0x300eaef3) x29 0x80000600 c768_mstatus 0x80006600
core   0: 0x80000018 (0x00000e93) li      x29, 0
core   0: 3 0x80000018 (0x00000e93) x29 0x00000000
core   1: 0x80000018 (0x00000e93) li      x29, 0
core   1: 3 0x80000018 (0x00000e93) x29 0x00000000
core   2: 0x80000018 (0x00000e93) li      x29, 0
core   2: 3 0x80000018 (0x00000e93) x29 0x00000000
core   3: 0x80000018 (0x00000e93) li      x29, 0
core   3: 3 0x80000018 (0x00000e93) x29 0x00000000
core   0: 0x8000001c (0x80502373) csrr    x6, wid
core   0: 3 0x8000001c (0x80502373) x6  0x00000000
core   1: 0x8000001c (0x80502373) csrr    x6, wid
core   1: 3 0x8000001c (0x80502373) x6  0x00000001
core   2: 0x8000001c (0x80502373) csrr    x6, wid
core   2: 3 0x8000001c (0x80502373) x6  0x00000002
core   3: 0x8000001c (0x80502373) csrr    x6, wid
core   3: 3 0x8000001c (0x80502373) x6  0x00000003
core   0: 0x80000020 (0x806023f3) csrr    x7, lds
core   0: 3 0x80000020 (0x806023f3) x7  0x70000000
core   1: 0x80000020 (0x806023f3) csrr    x7, lds
core   1: 3 0x80000020 (0x806023f3) x7  0x70000000
core   2: 0x80000020 (0x806023f3) csrr    x7, lds
core   2: 3 0x80000020 (0x806023f3) x7  0x70000000
core   3: 0x80000020 (0x806023f3) csrr    x7, lds
core   3: 3 0x80000020 (0x806023f3) x7  0x70000000
core   0: 0x80000024 (0x40000e13) li      x28, 1024
core   0: 3 0x80000024 (0x40000e13) x28 0x00000400
core   1: 0x80000024 (0x40000e13) li      x28, 1024
core   1: 3 0x80000024 (0x40000e13) x28 0x00000400
core   2: 0x80000024 (0x40000e13) li      x28, 1024
core   2: 3 0x80000024 (0x40000e13) x28 0x00000400
core   3: 0x80000024 (0x40000e13) li      x28, 1024
core   3: 3 0x80000024 (0x40000e13) x28 0x00000400
core   0: 0x80000028 (0x03c30333) mul     x6, x6, x28
core   0: 3 0x80000028 (0x03c30333) x6  0x00000000
core   1: 0x80000028 (0x03c30333) mul     x6, x6, x28
core   1: 3 0x80000028 (0x03c30333) x6  0x00000400
core   2: 0x80000028 (0x03c30333) mul     x6, x6, x28
core   2: 3 0x80000028 (0x03c30333) x6  0x00000800
core   3: 0x80000028 (0x03c30333) mul     x6, x6, x28
core   3: 3 0x80000028 (0x03c30333) x6  0x00000c00
core   0: 0x8000002c (0x00730133) add     x2, x6, x7
core   0: 3 0x8000002c (0x00730133) x2  0x70000000
core   1: 0x8000002c (0x00730133) add     x2, x6, x7
core   1: 3 0x8000002c (0x00730133) x2  0x70000400
core   2: 0x8000002c (0x00730133) add     x2, x6, x7
core   2: 3 0x8000002c (0x00730133) x2  0x70000800
core   3: 0x8000002c (0x00730133) add     x2, x6, x7
core   3: 3 0x8000002c (0x00730133) x2  0x70000c00
core   0: 0x80000030 (0x00000213) li      x4, 0
core   0: 3 0x80000030 (0x00000213) x4  0x00000000
core   1: 0x80000030 (0x00000213) li      x4, 0
core   1: 3 0x80000030 (0x00000213) x4  0x00000000
core   2: 0x80000030 (0x00000213) li      x4, 0
core   2: 3 0x80000030 (0x00000213) x4  0x00000000
core   3: 0x80000030 (0x00000213) li      x4, 0
core   3: 3 0x80000030 (0x00000213) x4  0x00000000
core   0: 0x80000034 (0x80102f73) csrr    x30, numw
core   0: 3 0x80000034 (0x80102f73) x30 0x00000004
core   1: 0x80000034 (0x80102f73) csrr    x30, numw
core   1: 3 0x80000034 (0x80102f73) x30 0x00000004
core   2: 0x80000034 (0x80102f73) csrr    x30, numw
core   2: 3 0x80000034 (0x80102f73) x30 0x00000004
core   3: 0x80000034 (0x80102f73) csrr    x30, numw
core   3: 3 0x80000034 (0x80102f73) x30 0x00000004
core   0: 0x80000038 (0x40000e13) li      x28, 1024
core   0: 3 0x80000038 (0x40000e13) x28 0x00000400
core   1: 0x80000038 (0x40000e13) li      x28, 1024
core   1: 3 0x80000038 (0x40000e13) x28 0x00000400
core   2: 0x80000038 (0x40000e13) li      x28, 1024
core   2: 3 0x80000038 (0x40000e13) x28 0x00000400
core   3: 0x80000038 (0x40000e13) li      x28, 1024
core   3: 3 0x80000038 (0x40000e13) x28 0x00000400
core   0: 0x8000003c (0x03cf0f33) mul     x30, x30, x28
core   0: 3 0x8000003c (0x03cf0f33) x30 0x00001000
core   1: 0x8000003c (0x03cf0f33) mul     x30, x30, x28
core   1: 3 0x8000003c (0x03cf0f33) x30 0x00001000
core   2: 0x8000003c (0x03cf0f33) mul     x30, x30, x28
core   2: 3 0x8000003c (0x03cf0f33) x30 0x00001000
core   3: 0x8000003c (0x03cf0f33) mul     x30, x30, x28
core   3: 3 0x8000003c (0x03cf0f33) x30 0x00001000
core   0: 0x80000040 (0x01e38433) add     x8, x7, x30
core   0: 3 0x80000040 (0x01e38433) x8  0x70001000
core   1: 0x80000040 (0x01e38433) add     x8, x7, x30
core   1: 3 0x80000040 (0x01e38433) x8  0x70001000
core   2: 0x80000040 (0x01e38433) add     x8, x7, x30
core   2: 3 0x80000040 (0x01e38433) x8  0x70001000
core   3: 0x80000040 (0x01e38433) add     x8, x7, x30
core   3: 3 0x80000040 (0x01e38433) x8  0x70001000
core   0: 0x80000044 (0x00004517) auipc   x10, 0x4
core   0: 3 0x80000044 (0x00004517) x10 0x80004044
core   1: 0x80000044 (0x00004517) auipc   x10, 0x4
core   1: 3 0x80000044 (0x00004517) x10 0x80004044
core   2: 0x80000044 (0x00004517) auipc   x10, 0x4
core   2: 3 0x80000044 (0x00004517) x10 0x80004044
core   3: 0x80000044 (0x00004517) auipc   x10, 0x4
core   3: 3 0x80000044 (0x00004517) x10 0x80004044
core   0: 0x80000048 (0xfd050513) addi    x10, x10, -48
core   0: 3 0x80000048 (0xfd050513) x10 0x80004014
core   1: 0x80000048 (0xfd050513) addi    x10, x10, -48
core   1: 3 0x80000048 (0xfd050513) x10 0x80004014
core   2: 0x80000048 (0xfd050513) addi    x10, x10, -48
core   2: 3 0x80000048 (0xfd050513) x10 0x80004014
core   3: 0x80000048 (0xfd050513) addi    x10, x10, -48
core   3: 3 0x80000048 (0xfd050513) x10 0x80004014
core   0: 0x8000004c (0x00004617) auipc   x12, 0x4
core   0: 3 0x8000004c (0x00004617) x12 0x8000404c
core   1: 0x8000004c (0x00004617) auipc   x12, 0x4
core   1: 3 0x8000004c (0x00004617) x12 0x8000404c
core   2: 0x8000004c (0x00004617) auipc   x12, 0x4
core   2: 3 0x8000004c (0x00004617) x12 0x8000404c
core   3: 0x8000004c (0x00004617) auipc   x12, 0x4
core   3: 3 0x8000004c (0x00004617) x12 0x8000404c
core   0: 0x80000050 (0xfc860613) addi    x12, x12, -56
core   0: 3 0x80000050 (0xfc860613) x12 0x80004014
core   1: 0x80000050 (0xfc860613) addi    x12, x12, -56
core   1: 3 0x80000050 (0xfc860613) x12 0x80004014
core   2: 0x80000050 (0xfc860613) addi    x12, x12, -56
core   2: 3 0x80000050 (0xfc860613) x12 0x80004014
core   3: 0x80000050 (0xfc860613) addi    x12, x12, -56
core   3: 3 0x80000050 (0xfc860613) x12 0x80004014
core   0: 0x80000054 (0x00c50863) beq     x10, x12, pc + 16
core   0: 3 0x80000054 (0x00c50863)
core   1: 0x80000054 (0x00c50863) beq     x10, x12, pc + 16
core   1: 3 0x80000054 (0x00c50863)
core   2: 0x80000054 (0x00c50863) beq     x10, x12, pc + 16
core   2: 3 0x80000054 (0x00c50863)
core   3: 0x80000054 (0x00c50863) beq     x10, x12, pc + 16
core   3: 3 0x80000054 (0x00c50863)
core   0: 0x80000064 (0x803022f3) csrr    x5, knl
core   0: 3 0x80000064 (0x803022f3) x5  0x90085000
core   1: 0x80000064 (0x803022f3) csrr    x5, knl
core   1: 3 0x80000064 (0x803022f3) x5  0x90085000
core   2: 0x80000064 (0x803022f3) csrr    x5, knl
core   2: 3 0x80000064 (0x803022f3) x5  0x90085000
core   3: 0x80000064 (0x803022f3) csrr    x5, knl
core   3: 3 0x80000064 (0x803022f3) x5  0x90085000
core   0: 0x80000068 (0x0002a303) lw      x6, 0(x5)
core   0: 3 0x80000068 (0x0002a303) x6  0x800000b8 mem 0x90085000
core   1: 0x80000068 (0x0002a303) lw      x6, 0(x5)
core   1: 3 0x80000068 (0x0002a303) x6  0x800000b8 mem 0x90085000
core   2: 0x80000068 (0x0002a303) lw      x6, 0(x5)
core   2: 3 0x80000068 (0x0002a303) x6  0x800000b8 mem 0x90085000
core   3: 0x80000068 (0x0002a303) lw      x6, 0(x5)
core   3: 3 0x80000068 (0x0002a303) x6  0x800000b8 mem 0x90085000
core   0: 0x8000006c (0x0042a503) lw      x10, 4(x5)
core   0: 3 0x8000006c (0x0042a503) x10 0x90004000 mem 0x90085004
core   1: 0x8000006c (0x0042a503) lw      x10, 4(x5)
core   1: 3 0x8000006c (0x0042a503) x10 0x90004000 mem 0x90085004
core   2: 0x8000006c (0x0042a503) lw      x10, 4(x5)
core   2: 3 0x8000006c (0x0042a503) x10 0x90004000 mem 0x90085004
core   3: 0x8000006c (0x0042a503) lw      x10, 4(x5)
core   3: 3 0x8000006c (0x0042a503) x10 0x90004000 mem 0x90085004
core   0: 0x80000070 (0x0302a383) lw      x7, 48(x5)
core   0: 3 0x80000070 (0x0302a383) x7  0x00000000 mem 0x90085030
core   1: 0x80000070 (0x0302a383) lw      x7, 48(x5)
core   1: 3 0x80000070 (0x0302a383) x7  0x00000000 mem 0x90085030
core   2: 0x80000070 (0x0302a383) lw      x7, 48(x5)
core   2: 3 0x80000070 (0x0302a383) x7  0x00000000 mem 0x90085030
core   3: 0x80000070 (0x0302a383) lw      x7, 48(x5)
core   3: 3 0x80000070 (0x0302a383) x7  0x00000000 mem 0x90085030
core   0: 0x80000074 (0x0342ae03) lw      x28, 52(x5)
core   0: 3 0x80000074 (0x0342ae03) x28 0x00000000 mem 0x90085034
core   1: 0x80000074 (0x0342ae03) lw      x28, 52(x5)
core   1: 3 0x80000074 (0x0342ae03) x28 0x00000000 mem 0x90085034
core   2: 0x80000074 (0x0342ae03) lw      x28, 52(x5)
core   2: 3 0x80000074 (0x0342ae03) x28 0x00000000 mem 0x90085034
core   3: 0x80000074 (0x0342ae03) lw      x28, 52(x5)
core   3: 3 0x80000074 (0x0342ae03) x28 0x00000000 mem 0x90085034
core   0: 0x80000078 (0x00004e97) auipc   x29, 0x4
core   0: 3 0x80000078 (0x00004e97) x29 0x80004078
core   1: 0x80000078 (0x00004e97) auipc   x29, 0x4
core   1: 3 0x80000078 (0x00004e97) x29 0x80004078
core   2: 0x80000078 (0x00004e97) auipc   x29, 0x4
core   2: 3 0x80000078 (0x00004e97) x29 0x80004078
core   3: 0x80000078 (0x00004e97) auipc   x29, 0x4
core   3: 3 0x80000078 (0x00004e97) x29 0x80004078
core   0: 0x8000007c (0xf88e8e93) addi    x29, x29, -120
core   0: 3 0x8000007c (0xf88e8e93) x29 0x80004000
core   1: 0x8000007c (0xf88e8e93) addi    x29, x29, -120
core   1: 3 0x8000007c (0xf88e8e93) x29 0x80004000
core   2: 0x8000007c (0xf88e8e93) addi    x29, x29, -120
core   2: 3 0x8000007c (0xf88e8e93) x29 0x80004000
core   3: 0x8000007c (0xf88e8e93) addi    x29, x29, -120
core   3: 3 0x8000007c (0xf88e8e93) x29 0x80004000
core   0: 0x80000080 (0x00004f17) auipc   x30, 0x4
core   0: 3 0x80000080 (0x00004f17) x30 0x80004080
core   1: 0x80000080 (0x00004f17) auipc   x30, 0x4
core   1: 3 0x80000080 (0x00004f17) x30 0x80004080
core   2: 0x80000080 (0x00004f17) auipc   x30, 0x4
core   2: 3 0x80000080 (0x00004f17) x30 0x80004080
core   3: 0x80000080 (0x00004f17) auipc   x30, 0x4
core   3: 3 0x80000080 (0x00004f17) x30 0x80004080
core   0: 0x80000084 (0xf84f0f13) addi    x30, x30, -124
core   0: 3 0x80000084 (0xf84f0f13) x30 0x80004004
core   1: 0x80000084 (0xf84f0f13) addi    x30, x30, -124
core   1: 3 0x80000084 (0xf84f0f13) x30 0x80004004
core   2: 0x80000084 (0xf84f0f13) addi    x30, x30, -124
core   2: 3 0x80000084 (0xf84f0f13) x30 0x80004004
core   3: 0x80000084 (0xf84f0f13) addi    x30, x30, -124
core   3: 3 0x80000084 (0xf84f0f13) x30 0x80004004
core   0: 0x80000088 (0x007ea023) sw      x7, 0(x29)
core   0: 3 0x80000088 (0x007ea023) mem 0x80004000 0x00000000
core   1: 0x80000088 (0x007ea023) sw      x7, 0(x29)
core   1: 3 0x80000088 (0x007ea023) mem 0x80004000 0x00000000
core   2: 0x80000088 (0x007ea023) sw      x7, 0(x29)
core   2: 3 0x80000088 (0x007ea023) mem 0x80004000 0x00000000
core   3: 0x80000088 (0x007ea023) sw      x7, 0(x29)
core   3: 3 0x80000088 (0x007ea023) mem 0x80004000 0x00000000
core   0: 0x8000008c (0x01cf2023) sw      x28, 0(x30)
core   0: 3 0x8000008c (0x01cf2023) mem 0x80004004 0x00000000
core   1: 0x8000008c (0x01cf2023) sw      x28, 0(x30)
core   1: 3 0x8000008c (0x01cf2023) mem 0x80004004 0x00000000
core   2: 0x8000008c (0x01cf2023) sw      x28, 0(x30)
core   2: 3 0x8000008c (0x01cf2023) mem 0x80004004 0x00000000
core   3: 0x8000008c (0x01cf2023) sw      x28, 0(x30)
core   3: 3 0x8000008c (0x01cf2023) mem 0x80004004 0x00000000
core   0: 0x80000090 (0x00000f97) auipc   x31, 0x0
core   0: 3 0x80000090 (0x00000f97) x31 0x80000090
core   1: 0x80000090 (0x00000f97) auipc   x31, 0x0
core   1: 3 0x80000090 (0x00000f97) x31 0x80000090
core   2: 0x80000090 (0x00000f97) auipc   x31, 0x0
core   2: 3 0x80000090 (0x00000f97) x31 0x80000090
core   3: 0x80000090 (0x00000f97) auipc   x31, 0x0
core   3: 3 0x80000090 (0x00000f97) x31 0x80000090
core   0: 0x80000094 (0x018f8f93) addi    x31, x31, 24
core   0: 3 0x80000094 (0x018f8f93) x31 0x800000a8
core   1: 0x80000094 (0x018f8f93) addi    x31, x31, 24
core   1: 3 0x80000094 (0x018f8f93) x31 0x800000a8
core   2: 0x80000094 (0x018f8f93) addi    x31, x31, 24
core   2: 3 0x80000094 (0x018f8f93) x31 0x800000a8
core   3: 0x80000094 (0x018f8f93) addi    x31, x31, 24
core   3: 3 0x80000094 (0x018f8f93) x31 0x800000a8
core   0: 0x80000098 (0x305f9073) csrw    mtvec, x31
core   0: 3 0x80000098 (0x305f9073) c773_mtvec 0x800000a8
core   1: 0x80000098 (0x305f9073) csrw    mtvec, x31
core   1: 3 0x80000098 (0x305f9073) c773_mtvec 0x800000a8
core   2: 0x80000098 (0x305f9073) csrw    mtvec, x31
core   2: 3 0x80000098 (0x305f9073) c773_mtvec 0x800000a8
core   3: 0x80000098 (0x305f9073) csrw    mtvec, x31
core   3: 3 0x80000098 (0x305f9073) c773_mtvec 0x800000a8
core   0: 0x8000009c (0x000300e7) jalr    x6
core   0: 3 0x8000009c (0x000300e7) x1  0x800000a0
core   1: 0x8000009c (0x000300e7) jalr    x6
core   1: 3 0x8000009c (0x000300e7) x1  0x800000a0
core   2: 0x8000009c (0x000300e7) jalr    x6
core   2: 3 0x8000009c (0x000300e7) x1  0x800000a0
core   3: 0x8000009c (0x000300e7) jalr    x6
core   3: 3 0x8000009c (0x000300e7) x1  0x800000a0
core   0: 0x800000b8 (0x00c10113) addi    x2, x2, 12
core   0: 3 0x800000b8 (0x00c10113) x2  0x7000000c
core   1: 0x800000b8 (0x00c10113) addi    x2, x2, 12
core   1: 3 0x800000b8 (0x00c10113) x2  0x7000040c
core   2: 0x800000b8 (0x00c10113) addi    x2, x2, 12
core   2: 3 0x800000b8 (0x00c10113) x2  0x7000080c
core   3: 0x800000b8 (0x00c10113) addi    x2, x2, 12
core   3: 3 0x800000b8 (0x00c10113) x2  0x70000c0c
core   0: 0x800000bc (0x40040413) addi    x8, x8, 1024
core   0: 3 0x800000bc (0x40040413) x8  0x70001400
core   1: 0x800000bc (0x40040413) addi    x8, x8, 1024
core   1: 3 0x800000bc (0x40040413) x8  0x70001400
core   2: 0x800000bc (0x40040413) addi    x8, x8, 1024
core   2: 3 0x800000bc (0x40040413) x8  0x70001400
core   3: 0x800000bc (0x40040413) addi    x8, x8, 1024
core   3: 3 0x800000bc (0x40040413) x8  0x70001400
core   0: 0x800000c0 (0x00820213) addi    x4, x4, 8
core   0: 3 0x800000c0 (0x00820213) x4  0x00000008
core   1: 0x800000c0 (0x00820213) addi    x4, x4, 8
core   1: 3 0x800000c0 (0x00820213) x4  0x00000008
core   2: 0x800000c0 (0x00820213) addi    x4, x4, 8
core   2: 3 0x800000c0 (0x00820213) x4  0x00000008
core   3: 0x800000c0 (0x00820213) addi    x4, x4, 8
core   3: 3 0x800000c0 (0x00820213) x4  0x00000008
core   0: 0x800000c4 (0x0010200b) regext  x0, x0,  0 0 0 1 
core   0: 3 0x800000c4 (0x0010200b)
core   1: 0x800000c4 (0x0010200b) regext  x0, x0,  0 0 0 1 
core   1: 3 0x800000c4 (0x0010200b)
core   2: 0x800000c4 (0x0010200b) regext  x0, x0,  0 0 0 1 
core   2: 3 0x800000c4 (0x0010200b)
core   3: 0x800000c4 (0x0010200b) regext  x0, x0,  0 0 0 1 
core   3: 3 0x800000c4 (0x0010200b)
core   0: 0x800000c8 (0x5e024057) vmv.v.x v0, x4
core   0: 3 0x800000c8 (0x5e024057) c8_vstart 0x00000000 e32 m1 l32 v32 ffffffff 0x00000008 00000008 00000008 00000008 00000008 00000008 00000008 00000008 00000008 00000008 00000008 00000008 00000008 00000008 00000008 00000008 00000008 00000008 00000008 00000008 00000008 00000008 00000008 00000008 00000008 00000008 00000008 00000008 00000008 00000008 00000008 00000008 
core   1: 0x800000c8 (0x5e024057) vmv.v.x v0, x4
core   1: 3 0x800000c8 (0x5e024057) c8_vstart 0x00000000 e32 m1 l32 v32 ffffffff 0x00000008 00000008 00000008 00000008 00000008 00000008 00000008 00000008 00000008 00000008 00000008 00000008 00000008 00000008 00000008 00000008 00000008 00000008 00000008 00000008 00000008 00000008 00000008 00000008 00000008 00000008 00000008 00000008 00000008 00000008 00000008 00000008 
core   2: 0x800000c8 (0x5e024057) vmv.v.x v0, x4
core   2: 3 0x800000c8 (0x5e024057) c8_vstart 0x00000000 e32 m1 l32 v32 ffffffff 0x00000008 00000008 00000008 00000008 00000008 00000008 00000008 00000008 00000008 00000008 00000008 00000008 00000008 00000008 00000008 00000008 00000008 00000008 00000008 00000008 00000008 00000008 00000008 00000008 00000008 00000008 00000008 00000008 00000008 00000008 00000008 00000008 
core   3: 0x800000c8 (0x5e024057) vmv.v.x v0, x4
core   3: 3 0x800000c8 (0x5e024057) c8_vstart 0x00000000 e32 m1 l32 v32 ffffffff 0x00000008 00000008 00000008 00000008 00000008 00000008 00000008 00000008 00000008 00000008 00000008 00000008 00000008 00000008 00000008 00000008 00000008 00000008 00000008 00000008 00000008 00000008 00000008 00000008 00000008 00000008 00000008 00000008 00000008 00000008 00000008 00000008 
core   0: 0x800000cc (0xfe112a23) sw      x1, -12(x2)
core   0: 3 0x800000cc (0xfe112a23) mem 0x70000000 0x800000a0
core   1: 0x800000cc (0xfe112a23) sw      x1, -12(x2)
core   1: 3 0x800000cc (0xfe112a23) mem 0x70000400 0x800000a0
core   2: 0x800000cc (0xfe112a23) sw      x1, -12(x2)
core   2: 3 0x800000cc (0xfe112a23) mem 0x70000800 0x800000a0
core   3: 0x800000cc (0xfe112a23) sw      x1, -12(x2)
core   3: 3 0x800000cc (0xfe112a23) mem 0x70000c00 0x800000a0
core   0: 0x800000d0 (0x0480200b) regext  x0, x0,  0 1 1 0 
core   0: 3 0x800000d0 (0x0480200b)
core   1: 0x800000d0 (0x0480200b) regext  x0, x0,  0 1 1 0 
core   1: 3 0x800000d0 (0x0480200b)
core   2: 0x800000d0 (0x0480200b) regext  x0, x0,  0 1 1 0 
core   2: 3 0x800000d0 (0x0480200b)
core   3: 0x800000d0 (0x0480200b) regext  x0, x0,  0 1 1 0 
core   3: 3 0x800000d0 (0x0480200b)
core   0: 0x800000d4 (0xfe102e2b) vsw.v   v1, x0, -4
core   0: 3 0x800000d4 (0xfe102e2b) c8_vstart 0x00000000 mem 0x90005200 0x00000000 mem 0x90005204 0x00000000 mem 0x90005208 0x00000000 mem 0x9000520c 0x00000000 mem 0x90005210 0x00000000 mem 0x90005214 0x00000000 mem 0x90005218 0x00000000 mem 0x9000521c 0x00000000 mem 0x90005220 0x00000000 mem 0x90005224 0x00000000 mem 0x90005228 0x00000000 mem 0x9000522c 0x00000000 mem 0x90005230 0x00000000 mem 0x90005234 0x00000000 mem 0x90005238 0x00000000 mem 0x9000523c 0x00000000 mem 0x90005240 0x00000000 mem 0x90005244 0x00000000 mem 0x90005248 0x00000000 mem 0x9000524c 0x00000000 mem 0x90005250 0x00000000 mem 0x90005254 0x00000000 mem 0x90005258 0x00000000 mem 0x9000525c 0x00000000 mem 0x90005260 0x00000000 mem 0x90005264 0x00000000 mem 0x90005268 0x00000000 mem 0x9000526c 0x00000000 mem 0x90005270 0x00000000 mem 0x90005274 0x00000000 mem 0x90005278 0x00000000 mem 0x9000527c 0x00000000
core   1: 0x800000d4 (0xfe102e2b) vsw.v   v1, x0, -4
core   1: 3 0x800000d4 (0xfe102e2b) c8_vstart 0x00000000 mem 0x90005280 0x00000000 mem 0x90005284 0x00000000 mem 0x90005288 0x00000000 mem 0x9000528c 0x00000000 mem 0x90005290 0x00000000 mem 0x90005294 0x00000000 mem 0x90005298 0x00000000 mem 0x9000529c 0x00000000 mem 0x900052a0 0x00000000 mem 0x900052a4 0x00000000 mem 0x900052a8 0x00000000 mem 0x900052ac 0x00000000 mem 0x900052b0 0x00000000 mem 0x900052b4 0x00000000 mem 0x900052b8 0x00000000 mem 0x900052bc 0x00000000 mem 0x900052c0 0x00000000 mem 0x900052c4 0x00000000 mem 0x900052c8 0x00000000 mem 0x900052cc 0x00000000 mem 0x900052d0 0x00000000 mem 0x900052d4 0x00000000 mem 0x900052d8 0x00000000 mem 0x900052dc 0x00000000 mem 0x900052e0 0x00000000 mem 0x900052e4 0x00000000 mem 0x900052e8 0x00000000 mem 0x900052ec 0x00000000 mem 0x900052f0 0x00000000 mem 0x900052f4 0x00000000 mem 0x900052f8 0x00000000 mem 0x900052fc 0x00000000
core   2: 0x800000d4 (0xfe102e2b) vsw.v   v1, x0, -4
core   2: 3 0x800000d4 (0xfe102e2b) c8_vstart 0x00000000 mem 0x90005300 0x00000000 mem 0x90005304 0x00000000 mem 0x90005308 0x00000000 mem 0x9000530c 0x00000000 mem 0x90005310 0x00000000 mem 0x90005314 0x00000000 mem 0x90005318 0x00000000 mem 0x9000531c 0x00000000 mem 0x90005320 0x00000000 mem 0x90005324 0x00000000 mem 0x90005328 0x00000000 mem 0x9000532c 0x00000000 mem 0x90005330 0x00000000 mem 0x90005334 0x00000000 mem 0x90005338 0x00000000 mem 0x9000533c 0x00000000 mem 0x90005340 0x00000000 mem 0x90005344 0x00000000 mem 0x90005348 0x00000000 mem 0x9000534c 0x00000000 mem 0x90005350 0x00000000 mem 0x90005354 0x00000000 mem 0x90005358 0x00000000 mem 0x9000535c 0x00000000 mem 0x90005360 0x00000000 mem 0x90005364 0x00000000 mem 0x90005368 0x00000000 mem 0x9000536c 0x00000000 mem 0x90005370 0x00000000 mem 0x90005374 0x00000000 mem 0x90005378 0x00000000 mem 0x9000537c 0x00000000
core   3: 0x800000d4 (0xfe102e2b) vsw.v   v1, x0, -4
core   3: 3 0x800000d4 (0xfe102e2b) c8_vstart 0x00000000 mem 0x90005380 0x00000000 mem 0x90005384 0x00000000 mem 0x90005388 0x00000000 mem 0x9000538c 0x00000000 mem 0x90005390 0x00000000 mem 0x90005394 0x00000000 mem 0x90005398 0x00000000 mem 0x9000539c 0x00000000 mem 0x900053a0 0x00000000 mem 0x900053a4 0x00000000 mem 0x900053a8 0x00000000 mem 0x900053ac 0x00000000 mem 0x900053b0 0x00000000 mem 0x900053b4 0x00000000 mem 0x900053b8 0x00000000 mem 0x900053bc 0x00000000 mem 0x900053c0 0x00000000 mem 0x900053c4 0x00000000 mem 0x900053c8 0x00000000 mem 0x900053cc 0x00000000 mem 0x900053d0 0x00000000 mem 0x900053d4 0x00000000 mem 0x900053d8 0x00000000 mem 0x900053dc 0x00000000 mem 0x900053e0 0x00000000 mem 0x900053e4 0x00000000 mem 0x900053e8 0x00000000 mem 0x900053ec 0x00000000 mem 0x900053f0 0x00000000 mem 0x900053f4 0x00000000 mem 0x900053f8 0x00000000 mem 0x900053fc 0x00000000
core   0: 0x800000d8 (0x0480200b) regext  x0, x0,  0 1 1 0 
core   0: 3 0x800000d8 (0x0480200b)
core   1: 0x800000d8 (0x0480200b) regext  x0, x0,  0 1 1 0 
core   1: 3 0x800000d8 (0x0480200b)
core   2: 0x800000d8 (0x0480200b) regext  x0, x0,  0 1 1 0 
core   2: 3 0x800000d8 (0x0480200b)
core   3: 0x800000d8 (0x0480200b) regext  x0, x0,  0 1 1 0 
core   3: 3 0x800000d8 (0x0480200b)
core   0: 0x800000dc (0xfe202c2b) vsw.v   v2, x0, -8
core   0: 3 0x800000dc (0xfe202c2b) c8_vstart 0x00000000 mem 0x90005000 0x00000000 mem 0x90005004 0x00000000 mem 0x90005008 0x00000000 mem 0x9000500c 0x00000000 mem 0x90005010 0x00000000 mem 0x90005014 0x00000000 mem 0x90005018 0x00000000 mem 0x9000501c 0x00000000 mem 0x90005020 0x00000000 mem 0x90005024 0x00000000 mem 0x90005028 0x00000000 mem 0x9000502c 0x00000000 mem 0x90005030 0x00000000 mem 0x90005034 0x00000000 mem 0x90005038 0x00000000 mem 0x9000503c 0x00000000 mem 0x90005040 0x00000000 mem 0x90005044 0x00000000 mem 0x90005048 0x00000000 mem 0x9000504c 0x00000000 mem 0x90005050 0x00000000 mem 0x90005054 0x00000000 mem 0x90005058 0x00000000 mem 0x9000505c 0x00000000 mem 0x90005060 0x00000000 mem 0x90005064 0x00000000 mem 0x90005068 0x00000000 mem 0x9000506c 0x00000000 mem 0x90005070 0x00000000 mem 0x90005074 0x00000000 mem 0x90005078 0x00000000 mem 0x9000507c 0x00000000
core   1: 0x800000dc (0xfe202c2b) vsw.v   v2, x0, -8
core   1: 3 0x800000dc (0xfe202c2b) c8_vstart 0x00000000 mem 0x90005080 0x00000000 mem 0x90005084 0x00000000 mem 0x90005088 0x00000000 mem 0x9000508c 0x00000000 mem 0x90005090 0x00000000 mem 0x90005094 0x00000000 mem 0x90005098 0x00000000 mem 0x9000509c 0x00000000 mem 0x900050a0 0x00000000 mem 0x900050a4 0x00000000 mem 0x900050a8 0x00000000 mem 0x900050ac 0x00000000 mem 0x900050b0 0x00000000 mem 0x900050b4 0x00000000 mem 0x900050b8 0x00000000 mem 0x900050bc 0x00000000 mem 0x900050c0 0x00000000 mem 0x900050c4 0x00000000 mem 0x900050c8 0x00000000 mem 0x900050cc 0x00000000 mem 0x900050d0 0x00000000 mem 0x900050d4 0x00000000 mem 0x900050d8 0x00000000 mem 0x900050dc 0x00000000 mem 0x900050e0 0x00000000 mem 0x900050e4 0x00000000 mem 0x900050e8 0x00000000 mem 0x900050ec 0x00000000 mem 0x900050f0 0x00000000 mem 0x900050f4 0x00000000 mem 0x900050f8 0x00000000 mem 0x900050fc 0x00000000
core   2: 0x800000dc (0xfe202c2b) vsw.v   v2, x0, -8
core   2: 3 0x800000dc (0xfe202c2b) c8_vstart 0x00000000 mem 0x90005100 0x00000000 mem 0x90005104 0x00000000 mem 0x90005108 0x00000000 mem 0x9000510c 0x00000000 mem 0x90005110 0x00000000 mem 0x90005114 0x00000000 mem 0x90005118 0x00000000 mem 0x9000511c 0x00000000 mem 0x90005120 0x00000000 mem 0x90005124 0x00000000 mem 0x90005128 0x00000000 mem 0x9000512c 0x00000000 mem 0x90005130 0x00000000 mem 0x90005134 0x00000000 mem 0x90005138 0x00000000 mem 0x9000513c 0x00000000 mem 0x90005140 0x00000000 mem 0x90005144 0x00000000 mem 0x90005148 0x00000000 mem 0x9000514c 0x00000000 mem 0x90005150 0x00000000 mem 0x90005154 0x00000000 mem 0x90005158 0x00000000 mem 0x9000515c 0x00000000 mem 0x90005160 0x00000000 mem 0x90005164 0x00000000 mem 0x90005168 0x00000000 mem 0x9000516c 0x00000000 mem 0x90005170 0x00000000 mem 0x90005174 0x00000000 mem 0x90005178 0x00000000 mem 0x9000517c 0x00000000
core   3: 0x800000dc (0xfe202c2b) vsw.v   v2, x0, -8
core   3: 3 0x800000dc (0xfe202c2b) c8_vstart 0x00000000 mem 0x90005180 0x00000000 mem 0x90005184 0x00000000 mem 0x90005188 0x00000000 mem 0x9000518c 0x00000000 mem 0x90005190 0x00000000 mem 0x90005194 0x00000000 mem 0x90005198 0x00000000 mem 0x9000519c 0x00000000 mem 0x900051a0 0x00000000 mem 0x900051a4 0x00000000 mem 0x900051a8 0x00000000 mem 0x900051ac 0x00000000 mem 0x900051b0 0x00000000 mem 0x900051b4 0x00000000 mem 0x900051b8 0x00000000 mem 0x900051bc 0x00000000 mem 0x900051c0 0x00000000 mem 0x900051c4 0x00000000 mem 0x900051c8 0x00000000 mem 0x900051cc 0x00000000 mem 0x900051d0 0x00000000 mem 0x900051d4 0x00000000 mem 0x900051d8 0x00000000 mem 0x900051dc 0x00000000 mem 0x900051e0 0x00000000 mem 0x900051e4 0x00000000 mem 0x900051e8 0x00000000 mem 0x900051ec 0x00000000 mem 0x900051f0 0x00000000 mem 0x900051f4 0x00000000 mem 0x900051f8 0x00000000 mem 0x900051fc 0x00000000
core   0: 0x800000e0 (0xfea12e23) sw      x10, -4(x2)
core   0: 3 0x800000e0 (0xfea12e23) mem 0x70000008 0x90004000
core   1: 0x800000e0 (0xfea12e23) sw      x10, -4(x2)
core   1: 3 0x800000e0 (0xfea12e23) mem 0x70000408 0x90004000
core   2: 0x800000e0 (0xfea12e23) sw      x10, -4(x2)
core   2: 3 0x800000e0 (0xfea12e23) mem 0x70000808 0x90004000
core   3: 0x800000e0 (0xfea12e23) sw      x10, -4(x2)
core   3: 3 0x800000e0 (0xfea12e23) mem 0x70000c08 0x90004000
core   0: 0x800000e4 (0x00052283) lw      x5, 0(x10)
core   0: 3 0x800000e4 (0x00052283) x5  0x90000000 mem 0x90004000
core   1: 0x800000e4 (0x00052283) lw      x5, 0(x10)
core   1: 3 0x800000e4 (0x00052283) x5  0x90000000 mem 0x90004000
core   2: 0x800000e4 (0x00052283) lw      x5, 0(x10)
core   2: 3 0x800000e4 (0x00052283) x5  0x90000000 mem 0x90004000
core   3: 0x800000e4 (0x00052283) lw      x5, 0(x10)
core   3: 3 0x800000e4 (0x00052283) x5  0x90000000 mem 0x90004000
core   0: 0x800000e8 (0xfe512c23) sw      x5, -8(x2)
core   0: 3 0x800000e8 (0xfe512c23) mem 0x70000004 0x90000000
core   1: 0x800000e8 (0xfe512c23) sw      x5, -8(x2)
core   1: 3 0x800000e8 (0xfe512c23) mem 0x70000404 0x90000000
core   2: 0x800000e8 (0xfe512c23) sw      x5, -8(x2)
core   2: 3 0x800000e8 (0xfe512c23) mem 0x70000804 0x90000000
core   3: 0x800000e8 (0xfe512c23) sw      x5, -8(x2)
core   3: 3 0x800000e8 (0xfe512c23) mem 0x70000c04 0x90000000
core   0: 0x800000ec (0x5e004057) vmv.v.x v0, x0
core   0: 3 0x800000ec (0x5e004057) c8_vstart 0x00000000 e32 m1 l32 v0  ffffffff 0x00000000 00000000 00000000 00000000 00000000 00000000 00000000 00000000 00000000 00000000 00000000 00000000 00000000 00000000 00000000 00000000 00000000 00000000 00000000 00000000 00000000 00000000 00000000 00000000 00000000 00000000 00000000 00000000 00000000 00000000 00000000 00000000 
core   1: 0x800000ec (0x5e004057) vmv.v.x v0, x0
core   1: 3 0x800000ec (0x5e004057) c8_vstart 0x00000000 e32 m1 l32 v0  ffffffff 0x00000000 00000000 00000000 00000000 00000000 00000000 00000000 00000000 00000000 00000000 00000000 00000000 00000000 00000000 00000000 00000000 00000000 00000000 00000000 00000000 00000000 00000000 00000000 00000000 00000000 00000000 00000000 00000000 00000000 00000000 00000000 00000000 
core   2: 0x800000ec (0x5e004057) vmv.v.x v0, x0
core   2: 3 0x800000ec (0x5e004057) c8_vstart 0x00000000 e32 m1 l32 v0  ffffffff 0x00000000 00000000 00000000 00000000 00000000 00000000 00000000 00000000 00000000 00000000 00000000 00000000 00000000 00000000 00000000 00000000 00000000 00000000 00000000 00000000 00000000 00000000 00000000 00000000 00000000 00000000 00000000 00000000 00000000 00000000 00000000 00000000 
core   3: 0x800000ec (0x5e004057) vmv.v.x v0, x0
core   3: 3 0x800000ec (0x5e004057) c8_vstart 0x00000000 e32 m1 l32 v0  ffffffff 0x00000000 00000000 00000000 00000000 00000000 00000000 00000000 00000000 00000000 00000000 00000000 00000000 00000000 00000000 00000000 00000000 00000000 00000000 00000000 00000000 00000000 00000000 00000000 00000000 00000000 00000000 00000000 00000000 00000000 00000000 00000000 00000000 
core   0: 0x800000f0 (0x1b4000ef) jal     pc + 0x1b4
core   0: 3 0x800000f0 (0x1b4000ef) x1  0x800000f4
core   1: 0x800000f0 (0x1b4000ef) jal     pc + 0x1b4
core   1: 3 0x800000f0 (0x1b4000ef) x1  0x800000f4
core   2: 0x800000f0 (0x1b4000ef) jal     pc + 0x1b4
core   2: 3 0x800000f0 (0x1b4000ef) x1  0x800000f4
core   3: 0x800000f0 (0x1b4000ef) jal     pc + 0x1b4
core   3: 3 0x800000f0 (0x1b4000ef) x1  0x800000f4
core   0: 0x800002a4 (0x00410113) addi    x2, x2, 4
core   0: 3 0x800002a4 (0x00410113) x2  0x70000010
core   1: 0x800002a4 (0x00410113) addi    x2, x2, 4
core   1: 3 0x800002a4 (0x00410113) x2  0x70000410
core   2: 0x800002a4 (0x00410113) addi    x2, x2, 4
core   2: 3 0x800002a4 (0x00410113) x2  0x70000810
core   3: 0x800002a4 (0x00410113) addi    x2, x2, 4
core   3: 3 0x800002a4 (0x00410113) x2  0x70000c10
core   0: 0x800002a8 (0xfe112e23) sw      x1, -4(x2)
core   0: 3 0x800002a8 (0xfe112e23) mem 0x7000000c 0x800000f4
core   1: 0x800002a8 (0xfe112e23) sw      x1, -4(x2)
core   1: 3 0x800002a8 (0xfe112e23) mem 0x7000040c 0x800000f4
core   2: 0x800002a8 (0xfe112e23) sw      x1, -4(x2)
core   2: 3 0x800002a8 (0xfe112e23) mem 0x7000080c 0x800000f4
core   3: 0x800002a8 (0xfe112e23) sw      x1, -4(x2)
core   3: 3 0x800002a8 (0xfe112e23) mem 0x70000c0c 0x800000f4
core   0: 0x800002ac (0x00200293) li      x5, 2
core   0: 3 0x800002ac (0x00200293) x5  0x00000002
core   1: 0x800002ac (0x00200293) li      x5, 2
core   1: 3 0x800002ac (0x00200293) x5  0x00000002
core   2: 0x800002ac (0x00200293) li      x5, 2
core   2: 3 0x800002ac (0x00200293) x5  0x00000002
core   3: 0x800002ac (0x00200293) li      x5, 2
core   3: 3 0x800002ac (0x00200293) x5  0x00000002
core   0: 0x800002b0 (0x5e02c0d7) vmv.v.x v1, x5
core   0: 3 0x800002b0 (0x5e02c0d7) c8_vstart 0x00000000 e32 m1 l32 v1  ffffffff 0x00000002 00000002 00000002 00000002 00000002 00000002 00000002 00000002 00000002 00000002 00000002 00000002 00000002 00000002 00000002 00000002 00000002 00000002 00000002 00000002 00000002 00000002 00000002 00000002 00000002 00000002 00000002 00000002 00000002 00000002 00000002 00000002 
core   1: 0x800002b0 (0x5e02c0d7) vmv.v.x v1, x5
core   1: 3 0x800002b0 (0x5e02c0d7) c8_vstart 0x00000000 e32 m1 l32 v1  ffffffff 0x00000002 00000002 00000002 00000002 00000002 00000002 00000002 00000002 00000002 00000002 00000002 00000002 00000002 00000002 00000002 00000002 00000002 00000002 00000002 00000002 00000002 00000002 00000002 00000002 00000002 00000002 00000002 00000002 00000002 00000002 00000002 00000002 
core   2: 0x800002b0 (0x5e02c0d7) vmv.v.x v1, x5
core   2: 3 0x800002b0 (0x5e02c0d7) c8_vstart 0x00000000 e32 m1 l32 v1  ffffffff 0x00000002 00000002 00000002 00000002 00000002 00000002 00000002 00000002 00000002 00000002 00000002 00000002 00000002 00000002 00000002 00000002 00000002 00000002 00000002 00000002 00000002 00000002 00000002 00000002 00000002 00000002 00000002 00000002 00000002 00000002 00000002 00000002 
core   3: 0x800002b0 (0x5e02c0d7) vmv.v.x v1, x5
core   3: 3 0x800002b0 (0x5e02c0d7) c8_vstart 0x00000000 e32 m1 l32 v1  ffffffff 0x00000002 00000002 00000002 00000002 00000002 00000002 00000002 00000002 00000002 00000002 00000002 00000002 00000002 00000002 00000002 00000002 00000002 00000002 00000002 00000002 00000002 00000002 00000002 00000002 00000002 00000002 00000002 00000002 00000002 00000002 00000002 00000002 
core   0: 0x800002b4 (0x00000317) auipc   x6, 0x0
core   0: 3 0x800002b4 (0x00000317) x6  0x800002b4
core   1: 0x800002b4 (0x00000317) auipc   x6, 0x0
core   1: 3 0x800002b4 (0x00000317) x6  0x800002b4
core   2: 0x800002b4 (0x00000317) auipc   x6, 0x0
core   2: 3 0x800002b4 (0x00000317) x6  0x800002b4
core   3: 0x800002b4 (0x00000317) auipc   x6, 0x0
core   3: 3 0x800002b4 (0x00000317) x6  0x800002b4
core   0: 0x800002b8 (0x04c3305b) setrpc  x0, x6, 76
core   0: 3 0x800002b8 (0x04c3305b) c2060_rpc 0x80000300 current mask:	ffffffff current npc:	00000000 stack size: 0
core   1: 0x800002b8 (0x04c3305b) setrpc  x0, x6, 76
core   1: 3 0x800002b8 (0x04c3305b) c2060_rpc 0x80000300 current mask:	ffffffff current npc:	00000000 stack size: 0
core   2: 0x800002b8 (0x04c3305b) setrpc  x0, x6, 76
core   2: 3 0x800002b8 (0x04c3305b) c2060_rpc 0x80000300 current mask:	ffffffff current npc:	00000000 stack size: 0
core   3: 0x800002b8 (0x04c3305b) setrpc  x0, x6, 76
core   3: 3 0x800002b8 (0x04c3305b) c2060_rpc 0x80000300 current mask:	ffffffff current npc:	00000000 stack size: 0
core   0: 0x800002bc (0x0200885b) vbeq    v0, v1, pc + 48
core   0: 3 0x800002bc (0x0200885b) c8_vstart 0x00000000 e32 m1 l32 current mask:	ffffffff current npc:	800002c0 stack size: 0
core   1: 0x800002bc (0x0200885b) vbeq    v0, v1, pc + 48
core   1: 3 0x800002bc (0x0200885b) c8_vstart 0x00000000 e32 m1 l32 current mask:	ffffffff current npc:	800002c0 stack size: 0
core   2: 0x800002bc (0x0200885b) vbeq    v0, v1, pc + 48
core   2: 3 0x800002bc (0x0200885b) c8_vstart 0x00000000 e32 m1 l32 current mask:	ffffffff current npc:	800002c0 stack size: 0
core   3: 0x800002bc (0x0200885b) vbeq    v0, v1, pc + 48
core   3: 3 0x800002bc (0x0200885b) c8_vstart 0x00000000 e32 m1 l32 current mask:	ffffffff current npc:	800002c0 stack size: 0
core   0: 0x800002c0 (0x00100293) li      x5, 1
core   0: 3 0x800002c0 (0x00100293) x5  0x00000001
core   1: 0x800002c0 (0x00100293) li      x5, 1
core   1: 3 0x800002c0 (0x00100293) x5  0x00000001
core   2: 0x800002c0 (0x00100293) li      x5, 1
core   2: 3 0x800002c0 (0x00100293) x5  0x00000001
core   3: 0x800002c0 (0x00100293) li      x5, 1
core   3: 3 0x800002c0 (0x00100293) x5  0x00000001
core   0: 0x800002c4 (0x5e02c0d7) vmv.v.x v1, x5
core   0: 3 0x800002c4 (0x5e02c0d7) c8_vstart 0x00000000 e32 m1 l32 v1  ffffffff 0x00000001 00000001 00000001 00000001 00000001 00000001 00000001 00000001 00000001 00000001 00000001 00000001 00000001 00000001 00000001 00000001 00000001 00000001 00000001 00000001 00000001 00000001 00000001 00000001 00000001 00000001 00000001 00000001 00000001 00000001 00000001 00000001 
core   1: 0x800002c4 (0x5e02c0d7) vmv.v.x v1, x5
core   1: 3 0x800002c4 (0x5e02c0d7) c8_vstart 0x00000000 e32 m1 l32 v1  ffffffff 0x00000001 00000001 00000001 00000001 00000001 00000001 00000001 00000001 00000001 00000001 00000001 00000001 00000001 00000001 00000001 00000001 00000001 00000001 00000001 00000001 00000001 00000001 00000001 00000001 00000001 00000001 00000001 00000001 00000001 00000001 00000001 00000001 
core   2: 0x800002c4 (0x5e02c0d7) vmv.v.x v1, x5
core   2: 3 0x800002c4 (0x5e02c0d7) c8_vstart 0x00000000 e32 m1 l32 v1  ffffffff 0x00000001 00000001 00000001 00000001 00000001 00000001 00000001 00000001 00000001 00000001 00000001 00000001 00000001 00000001 00000001 00000001 00000001 00000001 00000001 00000001 00000001 00000001 00000001 00000001 00000001 00000001 00000001 00000001 00000001 00000001 00000001 00000001 
core   3: 0x800002c4 (0x5e02c0d7) vmv.v.x v1, x5
core   3: 3 0x800002c4 (0x5e02c0d7) c8_vstart 0x00000000 e32 m1 l32 v1  ffffffff 0x00000001 00000001 00000001 00000001 00000001 00000001 00000001 00000001 00000001 00000001 00000001 00000001 00000001 00000001 00000001 00000001 00000001 00000001 00000001 00000001 00000001 00000001 00000001 00000001 00000001 00000001 00000001 00000001 00000001 00000001 00000001 00000001 
core   0: 0x800002c8 (0x00000317) auipc   x6, 0x0
core   0: 3 0x800002c8 (0x00000317) x6  0x800002c8
core   1: 0x800002c8 (0x00000317) auipc   x6, 0x0
core   1: 3 0x800002c8 (0x00000317) x6  0x800002c8
core   2: 0x800002c8 (0x00000317) auipc   x6, 0x0
core   2: 3 0x800002c8 (0x00000317) x6  0x800002c8
core   3: 0x800002c8 (0x00000317) auipc   x6, 0x0
core   3: 3 0x800002c8 (0x00000317) x6  0x800002c8
core   0: 0x800002cc (0x0383305b) setrpc  x0, x6, 56
core   0: 3 0x800002cc (0x0383305b) c2060_rpc 0x80000300 current mask:	ffffffff current npc:	800002c0 stack size: 0
core   1: 0x800002cc (0x0383305b) setrpc  x0, x6, 56
core   1: 3 0x800002cc (0x0383305b) c2060_rpc 0x80000300 current mask:	ffffffff current npc:	800002c0 stack size: 0
core   2: 0x800002cc (0x0383305b) setrpc  x0, x6, 56
core   2: 3 0x800002cc (0x0383305b) c2060_rpc 0x80000300 current mask:	ffffffff current npc:	800002c0 stack size: 0
core   3: 0x800002cc (0x0383305b) setrpc  x0, x6, 56
core   3: 3 0x800002cc (0x0383305b) c2060_rpc 0x80000300 current mask:	ffffffff current npc:	800002c0 stack size: 0
core   0: 0x800002d0 (0x0200825b) vbeq    v0, v1, pc + 36
core   0: 3 0x800002d0 (0x0200825b) c8_vstart 0x00000000 e32 m1 l32 current mask:	ffffffff current npc:	800002d4 stack size: 0
core   1: 0x800002d0 (0x0200825b) vbeq    v0, v1, pc + 36
core   1: 3 0x800002d0 (0x0200825b) c8_vstart 0x00000000 e32 m1 l32 current mask:	ffffffff current npc:	800002d4 stack size: 0
core   2: 0x800002d0 (0x0200825b) vbeq    v0, v1, pc + 36
core   2: 3 0x800002d0 (0x0200825b) c8_vstart 0x00000000 e32 m1 l32 current mask:	ffffffff current npc:	800002d4 stack size: 0
core   3: 0x800002d0 (0x0200825b) vbeq    v0, v1, pc + 36
core   3: 3 0x800002d0 (0x0200825b) c8_vstart 0x00000000 e32 m1 l32 current mask:	ffffffff current npc:	800002d4 stack size: 0
core   0: 0x800002d4 (0x5e0040d7) vmv.v.x v1, x0
core   0: 3 0x800002d4 (0x5e0040d7) c8_vstart 0x00000000 e32 m1 l32 v1  ffffffff 0x00000000 00000000 00000000 00000000 00000000 00000000 00000000 00000000 00000000 00000000 00000000 00000000 00000000 00000000 00000000 00000000 00000000 00000000 00000000 00000000 00000000 00000000 00000000 00000000 00000000 00000000 00000000 00000000 00000000 00000000 00000000 00000000 
core   1: 0x800002d4 (0x5e0040d7) vmv.v.x v1, x0
core   1: 3 0x800002d4 (0x5e0040d7) c8_vstart 0x00000000 e32 m1 l32 v1  ffffffff 0x00000000 00000000 00000000 00000000 00000000 00000000 00000000 00000000 00000000 00000000 00000000 00000000 00000000 00000000 00000000 00000000 00000000 00000000 00000000 00000000 00000000 00000000 00000000 00000000 00000000 00000000 00000000 00000000 00000000 00000000 00000000 00000000 
core   2: 0x800002d4 (0x5e0040d7) vmv.v.x v1, x0
core   2: 3 0x800002d4 (0x5e0040d7) c8_vstart 0x00000000 e32 m1 l32 v1  ffffffff 0x00000000 00000000 00000000 00000000 00000000 00000000 00000000 00000000 00000000 00000000 00000000 00000000 00000000 00000000 00000000 00000000 00000000 00000000 00000000 00000000 00000000 00000000 00000000 00000000 00000000 00000000 00000000 00000000 00000000 00000000 00000000 00000000 
core   3: 0x800002d4 (0x5e0040d7) vmv.v.x v1, x0
core   3: 3 0x800002d4 (0x5e0040d7) c8_vstart 0x00000000 e32 m1 l32 v1  ffffffff 0x00000000 00000000 00000000 00000000 00000000 00000000 00000000 00000000 00000000 00000000 00000000 00000000 00000000 00000000 00000000 00000000 00000000 00000000 00000000 00000000 00000000 00000000 00000000 00000000 00000000 00000000 00000000 00000000 00000000 00000000 00000000 00000000 
core   0: 0x800002d8 (0x00000317) auipc   x6, 0x0
core   0: 3 0x800002d8 (0x00000317) x6  0x800002d8
core   1: 0x800002d8 (0x00000317) auipc   x6, 0x0
core   1: 3 0x800002d8 (0x00000317) x6  0x800002d8
core   2: 0x800002d8 (0x00000317) auipc   x6, 0x0
core   2: 3 0x800002d8 (0x00000317) x6  0x800002d8
core   3: 0x800002d8 (0x00000317) auipc   x6, 0x0
core   3: 3 0x800002d8 (0x00000317) x6  0x800002d8
core   0: 0x800002dc (0x0283305b) setrpc  x0, x6, 40
core   0: 3 0x800002dc (0x0283305b) c2060_rpc 0x80000300 current mask:	ffffffff current npc:	800002d4 stack size: 0
core   1: 0x800002dc (0x0283305b) setrpc  x0, x6, 40
core   1: 3 0x800002dc (0x0283305b) c2060_rpc 0x80000300 current mask:	ffffffff current npc:	800002d4 stack size: 0
core   2: 0x800002dc (0x0283305b) setrpc  x0, x6, 40
core   2: 3 0x800002dc (0x0283305b) c2060_rpc 0x80000300 current mask:	ffffffff current npc:	800002d4 stack size: 0
core   3: 0x800002dc (0x0283305b) setrpc  x0, x6, 40
core   3: 3 0x800002dc (0x0283305b) c2060_rpc 0x80000300 current mask:	ffffffff current npc:	800002d4 stack size: 0
core   0: 0x800002e0 (0x00009e5b) vbne    v0, v1, pc + 28
core   0: 3 0x800002e0 (0x00009e5b) c8_vstart 0x00000000 e32 m1 l32 current mask:	ffffffff current npc:	800002e4 stack size: 0
core   1: 0x800002e0 (0x00009e5b) vbne    v0, v1, pc + 28
core   1: 3 0x800002e0 (0x00009e5b) c8_vstart 0x00000000 e32 m1 l32 current mask:	ffffffff current npc:	800002e4 stack size: 0
core   2: 0x800002e0 (0x00009e5b) vbne    v0, v1, pc + 28
core   2: 3 0x800002e0 (0x00009e5b) c8_vstart 0x00000000 e32 m1 l32 current mask:	ffffffff current npc:	800002e4 stack size: 0
core   3: 0x800002e0 (0x00009e5b) vbne    v0, v1, pc + 28
core   3: 3 0x800002e0 (0x00009e5b) c8_vstart 0x00000000 e32 m1 l32 current mask:	ffffffff current npc:	800002e4 stack size: 0
core   0: 0x800002e4 (0x669000ef) jal     pc + 0xe68
core   0: 3 0x800002e4 (0x669000ef) x1  0x800002e8
core   1: 0x800002e4 (0x669000ef) jal     pc + 0xe68
core   1: 3 0x800002e4 (0x669000ef) x1  0x800002e8
core   2: 0x800002e4 (0x669000ef) jal     pc + 0xe68
core   2: 3 0x800002e4 (0x669000ef) x1  0x800002e8
core   3: 0x800002e4 (0x669000ef) jal     pc + 0xe68
core   3: 3 0x800002e4 (0x669000ef) x1  0x800002e8
core   0: 0x8000114c (0x00410113) addi    x2, x2, 4
core   0: 3 0x8000114c (0x00410113) x2  0x70000014
core   1: 0x8000114c (0x00410113) addi    x2, x2, 4
core   1: 3 0x8000114c (0x00410113) x2  0x70000414
core   2: 0x8000114c (0x00410113) addi    x2, x2, 4
core   2: 3 0x8000114c (0x00410113) x2  0x70000814
core   3: 0x8000114c (0x00410113) addi    x2, x2, 4
core   3: 3 0x8000114c (0x00410113) x2  0x70000c14
core   0: 0x80001150 (0xfe112e23) sw      x1, -4(x2)
core   0: 3 0x80001150 (0xfe112e23) mem 0x70000010 0x800002e8
core   1: 0x80001150 (0xfe112e23) sw      x1, -4(x2)
core   1: 3 0x80001150 (0xfe112e23) mem 0x70000410 0x800002e8
core   2: 0x80001150 (0xfe112e23) sw      x1, -4(x2)
core   2: 3 0x80001150 (0xfe112e23) mem 0x70000810 0x800002e8
core   3: 0x80001150 (0xfe112e23) sw      x1, -4(x2)
core   3: 3 0x80001150 (0xfe112e23) mem 0x70000c10 0x800002e8
core   0: 0x80001154 (0x80302573) csrr    x10, knl
core   0: 3 0x80001154 (0x80302573) x10 0x90085000
core   1: 0x80001154 (0x80302573) csrr    x10, knl
core   1: 3 0x80001154 (0x80302573) x10 0x90085000
core   2: 0x80001154 (0x80302573) csrr    x10, knl
core   2: 3 0x80001154 (0x80302573) x10 0x90085000
core   3: 0x80001154 (0x80302573) csrr    x10, knl
core   3: 3 0x80001154 (0x80302573) x10 0x90085000
core   0: 0x80001158 (0x00852283) lw      x5, 8(x10)
core   0: 3 0x80001158 (0x00852283) x5  0x00000001 mem 0x90085008
core   1: 0x80001158 (0x00852283) lw      x5, 8(x10)
core   1: 3 0x80001158 (0x00852283) x5  0x00000001 mem 0x90085008
core   2: 0x80001158 (0x00852283) lw      x5, 8(x10)
core   2: 3 0x80001158 (0x00852283) x5  0x00000001 mem 0x90085008
core   3: 0x80001158 (0x00852283) lw      x5, 8(x10)
core   3: 3 0x80001158 (0x00852283) x5  0x00000001 mem 0x90085008
core   0: 0x8000115c (0x80002373) csrr    x6, tid
core   0: 3 0x8000115c (0x80002373) x6  0x00000000
core   1: 0x8000115c (0x80002373) csrr    x6, tid
core   1: 3 0x8000115c (0x80002373) x6  0x00000020
core   2: 0x8000115c (0x80002373) csrr    x6, tid
core   2: 3 0x8000115c (0x80002373) x6  0x00000040
core   3: 0x8000115c (0x80002373) csrr    x6, tid
core   3: 3 0x8000115c (0x80002373) x6  0x00000060
core   0: 0x80001160 (0x5208a157) vid.v   v2
core   0: 3 0x80001160 (0x5208a157) c8_vstart 0x00000000 e32 m1 l32 v2  ffffffff 0x0000001f 0000001e 0000001d 0000001c 0000001b 0000001a 00000019 00000018 00000017 00000016 00000015 00000014 00000013 00000012 00000011 00000010 0000000f 0000000e 0000000d 0000000c 0000000b 0000000a 00000009 00000008 00000007 00000006 00000005 00000004 00000003 00000002 00000001 00000000 
core   1: 0x80001160 (0x5208a157) vid.v   v2
core   1: 3 0x80001160 (0x5208a157) c8_vstart 0x00000000 e32 m1 l32 v2  ffffffff 0x0000001f 0000001e 0000001d 0000001c 0000001b 0000001a 00000019 00000018 00000017 00000016 00000015 00000014 00000013 00000012 00000011 00000010 0000000f 0000000e 0000000d 0000000c 0000000b 0000000a 00000009 00000008 00000007 00000006 00000005 00000004 00000003 00000002 00000001 00000000 
core   2: 0x80001160 (0x5208a157) vid.v   v2
core   2: 3 0x80001160 (0x5208a157) c8_vstart 0x00000000 e32 m1 l32 v2  ffffffff 0x0000001f 0000001e 0000001d 0000001c 0000001b 0000001a 00000019 00000018 00000017 00000016 00000015 00000014 00000013 00000012 00000011 00000010 0000000f 0000000e 0000000d 0000000c 0000000b 0000000a 00000009 00000008 00000007 00000006 00000005 00000004 00000003 00000002 00000001 00000000 
core   3: 0x80001160 (0x5208a157) vid.v   v2
core   3: 3 0x80001160 (0x5208a157) c8_vstart 0x00000000 e32 m1 l32 v2  ffffffff 0x0000001f 0000001e 0000001d 0000001c 0000001b 0000001a 00000019 00000018 00000017 00000016 00000015 00000014 00000013 00000012 00000011 00000010 0000000f 0000000e 0000000d 0000000c 0000000b 0000000a 00000009 00000008 00000007 00000006 00000005 00000004 00000003 00000002 00000001 00000000 
core   0: 0x80001164 (0x02234057) vadd.vx v0, v2, x6
core   0: 3 0x80001164 (0x02234057) c8_vstart 0x00000000 e32 m1 l32 v0  ffffffff 0x0000001f 0000001e 0000001d 0000001c 0000001b 0000001a 00000019 00000018 00000017 00000016 00000015 00000014 00000013 00000012 00000011 00000010 0000000f 0000000e 0000000d 0000000c 0000000b 0000000a 00000009 00000008 00000007 00000006 00000005 00000004 00000003 00000002 00000001 00000000 
core   1: 0x80001164 (0x02234057) vadd.vx v0, v2, x6
core   1: 3 0x80001164 (0x02234057) c8_vstart 0x00000000 e32 m1 l32 v0  ffffffff 0x0000003f 0000003e 0000003d 0000003c 0000003b 0000003a 00000039 00000038 00000037 00000036 00000035 00000034 00000033 00000032 00000031 00000030 0000002f 0000002e 0000002d 0000002c 0000002b 0000002a 00000029 00000028 00000027 00000026 00000025 00000024 00000023 00000022 00000021 00000020 
core   2: 0x80001164 (0x02234057) vadd.vx v0, v2, x6
core   2: 3 0x80001164 (0x02234057) c8_vstart 0x00000000 e32 m1 l32 v0  ffffffff 0x0000005f 0000005e 0000005d 0000005c 0000005b 0000005a 00000059 00000058 00000057 00000056 00000055 00000054 00000053 00000052 00000051 00000050 0000004f 0000004e 0000004d 0000004c 0000004b 0000004a 00000049 00000048 00000047 00000046 00000045 00000044 00000043 00000042 00000041 00000040 
core   3: 0x80001164 (0x02234057) vadd.vx v0, v2, x6
core   3: 3 0x80001164 (0x02234057) c8_vstart 0x00000000 e32 m1 l32 v0  ffffffff 0x0000007f 0000007e 0000007d 0000007c 0000007b 0000007a 00000079 00000078 00000077 00000076 00000075 00000074 00000073 00000072 00000071 00000070 0000006f 0000006e 0000006d 0000006c 0000006b 0000006a 00000069 00000068 00000067 00000066 00000065 00000064 00000063 00000062 00000061 00000060 
core   0: 0x80001168 (0x01852e03) lw      x28, 24(x10)
core   0: 3 0x80001168 (0x01852e03) x28 0x00000080 mem 0x90085018
core   1: 0x80001168 (0x01852e03) lw      x28, 24(x10)
core   1: 3 0x80001168 (0x01852e03) x28 0x00000080 mem 0x90085018
core   2: 0x80001168 (0x01852e03) lw      x28, 24(x10)
core   2: 3 0x80001168 (0x01852e03) x28 0x00000080 mem 0x90085018
core   3: 0x80001168 (0x01852e03) lw      x28, 24(x10)
core   3: 3 0x80001168 (0x01852e03) x28 0x00000080 mem 0x90085018
core   0: 0x8000116c (0x8a0e6057) vremu.vx v0, v0, x28
core   0: 3 0x8000116c (0x8a0e6057) c8_vstart 0x00000000 e32 m1 l32 v0  ffffffff 0x0000001f 0000001e 0000001d 0000001c 0000001b 0000001a 00000019 00000018 00000017 00000016 00000015 00000014 00000013 00000012 00000011 00000010 0000000f 0000000e 0000000d 0000000c 0000000b 0000000a 00000009 00000008 00000007 00000006 00000005 00000004 00000003 00000002 00000001 00000000 
core   1: 0x8000116c (0x8a0e6057) vremu.vx v0, v0, x28
core   1: 3 0x8000116c (0x8a0e6057) c8_vstart 0x00000000 e32 m1 l32 v0  ffffffff 0x0000003f 0000003e 0000003d 0000003c 0000003b 0000003a 00000039 00000038 00000037 00000036 00000035 00000034 00000033 00000032 00000031 00000030 0000002f 0000002e 0000002d 0000002c 0000002b 0000002a 00000029 00000028 00000027 00000026 00000025 00000024 00000023 00000022 00000021 00000020 
core   2: 0x8000116c (0x8a0e6057) vremu.vx v0, v0, x28
core   2: 3 0x8000116c (0x8a0e6057) c8_vstart 0x00000000 e32 m1 l32 v0  ffffffff 0x0000005f 0000005e 0000005d 0000005c 0000005b 0000005a 00000059 00000058 00000057 00000056 00000055 00000054 00000053 00000052 00000051 00000050 0000004f 0000004e 0000004d 0000004c 0000004b 0000004a 00000049 00000048 00000047 00000046 00000045 00000044 00000043 00000042 00000041 00000040 
core   3: 0x8000116c (0x8a0e6057) vremu.vx v0, v0, x28
core   3: 3 0x8000116c (0x8a0e6057) c8_vstart 0x00000000 e32 m1 l32 v0  ffffffff 0x0000007f 0000007e 0000007d 0000007c 0000007b 0000007a 00000079 00000078 00000077 00000076 00000075 00000074 00000073 00000072 00000071 00000070 0000006f 0000006e 0000006d 0000006c 0000006b 0000006a 00000069 00000068 00000067 00000066 00000065 00000064 00000063 00000062 00000061 00000060 
core   0: 0x80001170 (0xffc12083) lw      x1, -4(x2)
core   0: 3 0x80001170 (0xffc12083) x1  0x800002e8 mem 0x70000010
core   1: 0x80001170 (0xffc12083) lw      x1, -4(x2)
core   1: 3 0x80001170 (0xffc12083) x1  0x800002e8 mem 0x70000410
core   2: 0x80001170 (0xffc12083) lw      x1, -4(x2)
core   2: 3 0x80001170 (0xffc12083) x1  0x800002e8 mem 0x70000810
core   3: 0x80001170 (0xffc12083) lw      x1, -4(x2)
core   3: 3 0x80001170 (0xffc12083) x1  0x800002e8 mem 0x70000c10
core   0: 0x80001174 (0xffc10113) addi    x2, x2, -4
core   0: 3 0x80001174 (0xffc10113) x2  0x70000010
core   1: 0x80001174 (0xffc10113) addi    x2, x2, -4
core   1: 3 0x80001174 (0xffc10113) x2  0x70000410
core   2: 0x80001174 (0xffc10113) addi    x2, x2, -4
core   2: 3 0x80001174 (0xffc10113) x2  0x70000810
core   3: 0x80001174 (0xffc10113) addi    x2, x2, -4
core   3: 3 0x80001174 (0xffc10113) x2  0x70000c10
core   0: 0x80001178 (0x00008067) ret
core   0: 3 0x80001178 (0x00008067)
core   1: 0x80001178 (0x00008067) ret
core   1: 3 0x80001178 (0x00008067)
core   2: 0x80001178 (0x00008067) ret
core   2: 3 0x80001178 (0x00008067)
core   3: 0x80001178 (0x00008067) ret
core   3: 3 0x80001178 (0x00008067)
core   0: 0x800002e8 (0x0180006f) j       pc + 0x18
core   0: 3 0x800002e8 (0x0180006f)
core   1: 0x800002e8 (0x0180006f) j       pc + 0x18
core   1: 3 0x800002e8 (0x0180006f)
core   2: 0x800002e8 (0x0180006f) j       pc + 0x18
core   2: 3 0x800002e8 (0x0180006f)
core   3: 0x800002e8 (0x0180006f) j       pc + 0x18
core   3: 3 0x800002e8 (0x0180006f)
core   0: 0x80000300 (0x0000205b) join    v0, v0, pc + 0
core   0: 3 0x80000300 (0x0000205b) current mask:	ffffffff current npc:	800002e4 stack size: 0
core   1: 0x80000300 (0x0000205b) join    v0, v0, pc + 0
core   1: 3 0x80000300 (0x0000205b) current mask:	ffffffff current npc:	800002e4 stack size: 0
core   2: 0x80000300 (0x0000205b) join    v0, v0, pc + 0
core   2: 3 0x80000300 (0x0000205b) current mask:	ffffffff current npc:	800002e4 stack size: 0
core   3: 0x80000300 (0x0000205b) join    v0, v0, pc + 0
core   3: 3 0x80000300 (0x0000205b) current mask:	ffffffff current npc:	800002e4 stack size: 0
core   0: 0x80000304 (0xffc12083) lw      x1, -4(x2)
core   0: 3 0x80000304 (0xffc12083) x1  0x800000f4 mem 0x7000000c
core   1: 0x80000304 (0xffc12083) lw      x1, -4(x2)
core   1: 3 0x80000304 (0xffc12083) x1  0x800000f4 mem 0x7000040c
core   2: 0x80000304 (0xffc12083) lw      x1, -4(x2)
core   2: 3 0x80000304 (0xffc12083) x1  0x800000f4 mem 0x7000080c
core   3: 0x80000304 (0xffc12083) lw      x1, -4(x2)
core   3: 3 0x80000304 (0xffc12083) x1  0x800000f4 mem 0x70000c0c
core   0: 0x80000308 (0xffc10113) addi    x2, x2, -4
core   0: 3 0x80000308 (0xffc10113) x2  0x7000000c
core   1: 0x80000308 (0xffc10113) addi    x2, x2, -4
core   1: 3 0x80000308 (0xffc10113) x2  0x7000040c
core   2: 0x80000308 (0xffc10113) addi    x2, x2, -4
core   2: 3 0x80000308 (0xffc10113) x2  0x7000080c
core   3: 0x80000308 (0xffc10113) addi    x2, x2, -4
core   3: 3 0x80000308 (0xffc10113) x2  0x70000c0c
core   0: 0x8000030c (0x00008067) ret
core   0: 3 0x8000030c (0x00008067)
core   1: 0x8000030c (0x00008067) ret
core   1: 3 0x8000030c (0x00008067)
core   2: 0x8000030c (0x00008067) ret
core   2: 3 0x8000030c (0x00008067)
core   3: 0x8000030c (0x00008067) ret
core   3: 3 0x8000030c (0x00008067)
core   0: 0x800000f4 (0x04000293) li      x5, 64
core   0: 3 0x800000f4 (0x04000293) x5  0x00000040
core   1: 0x800000f4 (0x04000293) li      x5, 64
core   1: 3 0x800000f4 (0x04000293) x5  0x00000040
core   2: 0x800000f4 (0x04000293) li      x5, 64
core   2: 3 0x800000f4 (0x04000293) x5  0x00000040
core   3: 0x800000f4 (0x04000293) li      x5, 64
core   3: 3 0x800000f4 (0x04000293) x5  0x00000040
core   0: 0x800000f8 (0x5e02c0d7) vmv.v.x v1, x5
core   0: 3 0x800000f8 (0x5e02c0d7) c8_vstart 0x00000000 e32 m1 l32 v1  ffffffff 0x00000040 00000040 00000040 00000040 00000040 00000040 00000040 00000040 00000040 00000040 00000040 00000040 00000040 00000040 00000040 00000040 00000040 00000040 00000040 00000040 00000040 00000040 00000040 00000040 00000040 00000040 00000040 00000040 00000040 00000040 00000040 00000040 
core   1: 0x800000f8 (0x5e02c0d7) vmv.v.x v1, x5
core   1: 3 0x800000f8 (0x5e02c0d7) c8_vstart 0x00000000 e32 m1 l32 v1  ffffffff 0x00000040 00000040 00000040 00000040 00000040 00000040 00000040 00000040 00000040 00000040 00000040 00000040 00000040 00000040 00000040 00000040 00000040 00000040 00000040 00000040 00000040 00000040 00000040 00000040 00000040 00000040 00000040 00000040 00000040 00000040 00000040 00000040 
core   2: 0x800000f8 (0x5e02c0d7) vmv.v.x v1, x5
core   2: 3 0x800000f8 (0x5e02c0d7) c8_vstart 0x00000000 e32 m1 l32 v1  ffffffff 0x00000040 00000040 00000040 00000040 00000040 00000040 00000040 00000040 00000040 00000040 00000040 00000040 00000040 00000040 00000040 00000040 00000040 00000040 00000040 00000040 00000040 00000040 00000040 00000040 00000040 00000040 00000040 00000040 00000040 00000040 00000040 00000040 
core   3: 0x800000f8 (0x5e02c0d7) vmv.v.x v1, x5
core   3: 3 0x800000f8 (0x5e02c0d7) c8_vstart 0x00000000 e32 m1 l32 v1  ffffffff 0x00000040 00000040 00000040 00000040 00000040 00000040 00000040 00000040 00000040 00000040 00000040 00000040 00000040 00000040 00000040 00000040 00000040 00000040 00000040 00000040 00000040 00000040 00000040 00000040 00000040 00000040 00000040 00000040 00000040 00000040 00000040 00000040 
core   0: 0x800000fc (0x0400c00b) barrier x0, x0, 1
core   0: 3 0x800000fc (0x0400c00b)
core   1: 0x800000fc (0x0400c00b) barrier x0, x0, 1
core   1: 3 0x800000fc (0x0400c00b)
core   2: 0x800000fc (0x0400c00b) barrier x0, x0, 1
core   2: 3 0x800000fc (0x0400c00b)
core   3: 0x800000fc (0x0400c00b) barrier x0, x0, 1
core   3: 3 0x800000fc (0x0400c00b)
core   0: 3 0x800000fc (0x0400c00b)
core   1: 3 0x800000fc (0x0400c00b)
core   2: 3 0x800000fc (0x0400c00b)
core   3: 0x80000100 (0x00000317) auipc   x6, 0x0
core   3: 3 0x80000100 (0x00000317) x6  0x80000100
core   0: Executed 2 times
core   0: 0x80000100 (0x00000317) auipc   x6, 0x0
core   0: 3 0x80000100 (0x00000317) x6  0x80000100
core   1: Executed 2 times
core   1: 0x80000100 (0x00000317) auipc   x6, 0x0
core   1: 3 0x80000100 (0x00000317) x6  0x80000100
core   2: Executed 2 times
core   2: 0x80000100 (0x00000317) auipc   x6, 0x0
core   2: 3 0x80000100 (0x00000317) x6  0x80000100
core   3: 0x80000104 (0x0503305b) setrpc  x0, x6, 80
core   3: 3 0x80000104 (0x0503305b) c2060_rpc 0x80000150 current mask:	ffffffff current npc:	800002e4 stack size: 0
core   0: 0x80000104 (0x0503305b) setrpc  x0, x6, 80
core   0: 3 0x80000104 (0x0503305b) c2060_rpc 0x80000150 current mask:	ffffffff current npc:	800002e4 stack size: 0
core   1: 0x80000104 (0x0503305b) setrpc  x0, x6, 80
core   1: 3 0x80000104 (0x0503305b) c2060_rpc 0x80000150 current mask:	ffffffff current npc:	800002e4 stack size: 0
core   2: 0x80000104 (0x0503305b) setrpc  x0, x6, 80
core   2: 3 0x80000104 (0x0503305b) c2060_rpc 0x80000150 current mask:	ffffffff current npc:	800002e4 stack size: 0
core   3: 0x80000108 (0x0200865b) vbeq    v0, v1, pc + 44
core   3: 3 0x80000108 (0x0200865b) c8_vstart 0x00000000 e32 m1 l32 current mask:	ffffffff current npc:	8000010c stack size: 0
core   0: 0x80000108 (0x0200865b) vbeq    v0, v1, pc + 44
core   0: 3 0x80000108 (0x0200865b) c8_vstart 0x00000000 e32 m1 l32 current mask:	ffffffff current npc:	8000010c stack size: 0
core   1: 0x80000108 (0x0200865b) vbeq    v0, v1, pc + 44
core   1: 3 0x80000108 (0x0200865b) c8_vstart 0x00000000 e32 m1 l32 current mask:	ffffffff current npc:	8000010c stack size: 0
core   2: 0x80000108 (0x0200865b) vbeq    v0, v1, pc + 44
core   2: 3 0x80000108 (0x0200865b) c8_vstart 0x00000000 e32 m1 l32 current mask:	00000001 current npc:	80000134 stack size: 2
[r_pc] 80000150 [else_pc] 8000010c [else_mask] fffffffe 
[r_pc] 80000150 [else_pc] 80000150 [else_mask] ffffffff 
core   3: 0x8000010c (0x5e0040d7) vmv.v.x v1, x0
core   3: 3 0x8000010c (0x5e0040d7) c8_vstart 0x00000000 e32 m1 l32 v1  ffffffff 0x00000000 00000000 00000000 00000000 00000000 00000000 00000000 00000000 00000000 00000000 00000000 00000000 00000000 00000000 00000000 00000000 00000000 00000000 00000000 00000000 00000000 00000000 00000000 00000000 00000000 00000000 00000000 00000000 00000000 00000000 00000000 00000000 
core   0: 0x8000010c (0x5e0040d7) vmv.v.x v1, x0
core   0: 3 0x8000010c (0x5e0040d7) c8_vstart 0x00000000 e32 m1 l32 v1  ffffffff 0x00000000 00000000 00000000 00000000 00000000 00000000 00000000 00000000 00000000 00000000 00000000 00000000 00000000 00000000 00000000 00000000 00000000 00000000 00000000 00000000 00000000 00000000 00000000 00000000 00000000 00000000 00000000 00000000 00000000 00000000 00000000 00000000 
core   1: 0x8000010c (0x5e0040d7) vmv.v.x v1, x0
core   1: 3 0x8000010c (0x5e0040d7) c8_vstart 0x00000000 e32 m1 l32 v1  ffffffff 0x00000000 00000000 00000000 00000000 00000000 00000000 00000000 00000000 00000000 00000000 00000000 00000000 00000000 00000000 00000000 00000000 00000000 00000000 00000000 00000000 00000000 00000000 00000000 00000000 00000000 00000000 00000000 00000000 00000000 00000000 00000000 00000000 
core   2: 0x80000134 (0xff812483) lw      x9, -8(x2)
core   2: 3 0x80000134 (0xff812483) x9  0x90000000 mem 0x70000804
core   3: 0x80000110 (0xff812383) lw      x7, -8(x2)
core   3: 3 0x80000110 (0xff812383) x7  0x90000000 mem 0x70000c04
core   0: 0x80000110 (0xff812383) lw      x7, -8(x2)
core   0: 3 0x80000110 (0xff812383) x7  0x90000000 mem 0x70000004
core   1: 0x80000110 (0xff812383) lw      x7, -8(x2)
core   1: 3 0x80000110 (0xff812383) x7  0x90000000 mem 0x70000404
core   2: 0x80000138 (0x10048293) addi    x5, x9, 256
core   2: 3 0x80000138 (0x10048293) x5  0x90000100
core   3: 0x80000114 (0x00000317) auipc   x6, 0x0
core   3: 3 0x80000114 (0x00000317) x6  0x80000114
core   0: 0x80000114 (0x00000317) auipc   x6, 0x0
core   0: 3 0x80000114 (0x00000317) x6  0x80000114
core   1: 0x80000114 (0x00000317) auipc   x6, 0x0
core   1: 3 0x80000114 (0x00000317) x6  0x80000114
core   2: 0x8000013c (0xe0040313) addi    x6, x8, -512
core   2: 3 0x8000013c (0xe0040313) x6  0x70001200
core   3: 0x80000118 (0x03c3305b) setrpc  x0, x6, 60
core   3: 3 0x80000118 (0x03c3305b) c2060_rpc 0x80000150 current mask:	ffffffff current npc:	8000010c stack size: 0
core   0: 0x80000118 (0x03c3305b) setrpc  x0, x6, 60
core   0: 3 0x80000118 (0x03c3305b) c2060_rpc 0x80000150 current mask:	ffffffff current npc:	8000010c stack size: 0
core   1: 0x80000118 (0x03c3305b) setrpc  x0, x6, 60
core   1: 3 0x80000118 (0x03c3305b) c2060_rpc 0x80000150 current mask:	ffffffff current npc:	8000010c stack size: 0
core   2: 0x80000140 (0x10000393) li      x7, 256
core   2: 3 0x80000140 (0x10000393) x7  0x00000100
core   3: 0x8000011c (0x02009a5b) vbne    v0, v1, pc + 52
core   3: 3 0x8000011c (0x02009a5b) c8_vstart 0x00000000 e32 m1 l32 current mask:	ffffffff current npc:	80000150 stack size: 0
core   0: 0x8000011c (0x02009a5b) vbne    v0, v1, pc + 52
core   0: 3 0x8000011c (0x02009a5b) c8_vstart 0x00000000 e32 m1 l32 current mask:	00000001 current npc:	80000120 stack size: 2
[r_pc] 80000150 [else_pc] 80000150 [else_mask] fffffffe 
[r_pc] 80000150 [else_pc] 80000150 [else_mask] ffffffff 
core   1: 0x8000011c (0x02009a5b) vbne    v0, v1, pc + 52
core   1: 3 0x8000011c (0x02009a5b) c8_vstart 0x00000000 e32 m1 l32 current mask:	ffffffff current npc:	80000150 stack size: 0
core   2: 0x80000144 (0x5e0340d7) vmv.v.x v1, x6
core   2: 3 0x80000144 (0x5e0340d7) c8_vstart 0x00000000 e32 m1 l32 v1  00000001 0x00000040 00000040 00000040 00000040 00000040 00000040 00000040 00000040 00000040 00000040 00000040 00000040 00000040 00000040 00000040 00000040 00000040 00000040 00000040 00000040 00000040 00000040 00000040 00000040 00000040 00000040 00000040 00000040 00000040 00000040 00000040 70001200 
core   3: 0x80000150 (0x0000205b) join    v0, v0, pc + 0
core   3: 3 0x80000150 (0x0000205b) current mask:	ffffffff current npc:	80000150 stack size: 0
core   0: 0x80000120 (0xc0040293) addi    x5, x8, -1024
core   0: 3 0x80000120 (0xc0040293) x5  0x70001000
core   1: 0x80000150 (0x0000205b) join    v0, v0, pc + 0
core   1: 3 0x80000150 (0x0000205b) current mask:	ffffffff current npc:	80000150 stack size: 0
core   2: 0x80000148 (0x000090c1) c.srli  x9, 48
core   2: exception trap_illegal_instruction, epc 0x80000148
core   2:           tval 0x000090c1
core   3: 0x80000154 (0xc0040293) addi    x5, x8, -1024
core   3: 3 0x80000154 (0xc0040293) x5  0x70001000
core   0: 0x80000124 (0x10000313) li      x6, 256
core   0: 3 0x80000124 (0x10000313) x6  0x00000100
core   1: 0x80000154 (0xc0040293) addi    x5, x8, -1024
core   1: 3 0x80000154 (0xc0040293) x5  0x70001000
core   2: >>>>  spike_end
core   2: 0x800000a8 (0x00100313) li      x6, 1
core   2: 3 0x800000a8 (0x00100313) x6  0x00000001
core   3: 0x80000158 (0x10000313) li      x6, 256
core   3: 3 0x80000158 (0x10000313) x6  0x00000100
core   0: 0x80000128 (0x5e02c0d7) vmv.v.x v1, x5
core   0: 3 0x80000128 (0x5e02c0d7) c8_vstart 0x00000000 e32 m1 l32 v1  00000001 0x00000000 00000000 00000000 00000000 00000000 00000000 00000000 00000000 00000000 00000000 00000000 00000000 00000000 00000000 00000000 00000000 00000000 00000000 00000000 00000000 00000000 00000000 00000000 00000000 00000000 00000000 00000000 00000000 00000000 00000000 00000000 70001000 
core   1: 0x80000158 (0x10000313) li      x6, 256
core   1: 3 0x80000158 (0x10000313) x6  0x00000100
core   2: 0x800000ac (0x00002297) auipc   x5, 0x2
core   2: 3 0x800000ac (0x00002297) x5  0x800020ac
core   3: 0x8000015c (0x5e02c0d7) vmv.v.x v1, x5
core   3: 3 0x8000015c (0x5e02c0d7) c8_vstart 0x00000000 e32 m1 l32 v1  ffffffff 0x70001000 70001000 70001000 70001000 70001000 70001000 70001000 70001000 70001000 70001000 70001000 70001000 70001000 70001000 70001000 70001000 70001000 70001000 70001000 70001000 70001000 70001000 70001000 70001000 70001000 70001000 70001000 70001000 70001000 70001000 70001000 70001000 
core   0: 0x8000012c (0x000090c1) c.srli  x9, 48
core   0: exception trap_illegal_instruction, epc 0x8000012c
core   0:           tval 0x000090c1
core   1: 0x8000015c (0x5e02c0d7) vmv.v.x v1, x5
core   1: 3 0x8000015c (0x5e02c0d7) c8_vstart 0x00000000 e32 m1 l32 v1  ffffffff 0x70001000 70001000 70001000 70001000 70001000 70001000 70001000 70001000 70001000 70001000 70001000 70001000 70001000 70001000 70001000 70001000 70001000 70001000 70001000 70001000 70001000 70001000 70001000 70001000 70001000 70001000 70001000 70001000 70001000 70001000 70001000 70001000 
core   2: 0x800000b0 (0xf5428293) addi    x5, x5, -172
core   2: 3 0x800000b0 (0xf5428293) x5  0x80002000
core   3: 0x80000160 (0x0000c0c1) c.beqz  x9, pc + 128
core   3: 3 0x80000160 (0xc0c1)
core   0: >>>>  spike_end
core   0: 0x800000a8 (0x00100313) li      x6, 1
core   0: 3 0x800000a8 (0x00100313) x6  0x00000001
core   1: 0x80000160 (0x0000c0c1) c.beqz  x9, pc + 128
core   1: 3 0x80000160 (0xc0c1)
core   2: 0x800000b4 (0x0062a023) sw      x6, 0(x5)
core   2: 3 0x800000b4 (0x0062a023) mem 0x80002000 0x00000001
