core   0: 0x00001000 (0x00000297) auipc   x5, 0x0
core   0: 3 0x00001000 (0x00000297) x5  0x00001000
core   0: 0x00001004 (0x02028593) addi    x11, x5, 32
core   0: 3 0x00001004 (0x02028593) x11 0x00001020
core   0: 0x00001008 (0xf1402573) csrr    x10, mhartid
core   0: 3 0x00001008 (0xf1402573) x10 0x00000000
core   0: 0x0000100c (0x0182a283) lw      x5, 24(x5)
core   0: 3 0x0000100c (0x0182a283) x5  0x80000000 mem 0x00001018
core   0: 0x00001010 (0x00028067) jr      x5
core   0: 3 0x00001010 (0x00028067)
core   0: 0x80000000 (0x00004197) auipc   x3, 0x4
core   0: 3 0x80000000 (0x00004197) x3  0x80004000
core   0: 0x80000004 (0x80818193) addi    x3, x3, -2040
core   0: 3 0x80000004 (0x80818193) x3  0x80003808
core   0: 0x80000008 (0x02000e93) li      x29, 32
core   0: 3 0x80000008 (0x02000e93) x29 0x00000020
core   0: 0x8000000c (0x0d0efed7) vsetvli x29, x29, e32, m1, ta, ma
core   0: 3 0x8000000c (0x0d0efed7) x29 0x00000020 c8_vstart 0x00000000 c3104_vl 0x00000020 c3105_vtype 0x000000d0 c768_mstatus 0x80000600
core   0: 0x80000010 (0x00002eb7) lui     x29, 0x2
core   0: 3 0x80000010 (0x00002eb7) x29 0x00002000
core   0: 0x80000014 (0x300eaef3) csrrs   x29, mstatus, x29
core   0: 3 0x80000014 (0x300eaef3) x29 0x80000600 c768_mstatus 0x80006600
core   0: 0x80000018 (0x00000e93) li      x29, 0
core   0: 3 0x80000018 (0x00000e93) x29 0x00000000
core   0: 0x8000001c (0x80502373) csrr    x6, wid
core   0: 3 0x8000001c (0x80502373) x6  0x00000000
core   0: 0x80000020 (0x806023f3) csrr    x7, lds
core   0: 3 0x80000020 (0x806023f3) x7  0x70000000
core   0: 0x80000024 (0x40000e13) li      x28, 1024
core   0: 3 0x80000024 (0x40000e13) x28 0x00000400
core   0: 0x80000028 (0x03c30333) mul     x6, x6, x28
core   0: 3 0x80000028 (0x03c30333) x6  0x00000000
core   0: 0x8000002c (0x00730133) add     x2, x6, x7
core   0: 3 0x8000002c (0x00730133) x2  0x70000000
core   0: 0x80000030 (0x00000213) li      x4, 0
core   0: 3 0x80000030 (0x00000213) x4  0x00000000
core   0: 0x80000034 (0x80102f73) csrr    x30, numw
core   0: 3 0x80000034 (0x80102f73) x30 0x00000001
core   0: 0x80000038 (0x40000e13) li      x28, 1024
core   0: 3 0x80000038 (0x40000e13) x28 0x00000400
core   0: 0x8000003c (0x03cf0f33) mul     x30, x30, x28
core   0: 3 0x8000003c (0x03cf0f33) x30 0x00000400
core   0: 0x80000040 (0x01e38433) add     x8, x7, x30
core   0: 3 0x80000040 (0x01e38433) x8  0x70000400
core   0: 0x80000044 (0x00003517) auipc   x10, 0x3
core   0: 3 0x80000044 (0x00003517) x10 0x80003044
core   0: 0x80000048 (0xfc450513) addi    x10, x10, -60
core   0: 3 0x80000048 (0xfc450513) x10 0x80003008
core   0: 0x8000004c (0x00003617) auipc   x12, 0x3
core   0: 3 0x8000004c (0x00003617) x12 0x8000304c
core   0: 0x80000050 (0xfbc60613) addi    x12, x12, -68
core   0: 3 0x80000050 (0xfbc60613) x12 0x80003008
core   0: 0x80000054 (0x00c50863) beq     x10, x12, pc + 16
core   0: 3 0x80000054 (0x00c50863)
core   0: 0x80000064 (0x803022f3) csrr    x5, knl
core   0: 3 0x80000064 (0x803022f3) x5  0x90024000
core   0: 0x80000068 (0x0002a303) lw      x6, 0(x5)
core   0: 3 0x80000068 (0x0002a303) x6  0x800000b8 mem 0x90024000
core   0: 0x8000006c (0x0042a503) lw      x10, 4(x5)
core   0: 3 0x8000006c (0x0042a503) x10 0x90003000 mem 0x90024004
core   0: 0x80000070 (0x0302a383) lw      x7, 48(x5)
core   0: 3 0x80000070 (0x0302a383) x7  0x00000000 mem 0x90024030
core   0: 0x80000074 (0x0342ae03) lw      x28, 52(x5)
core   0: 3 0x80000074 (0x0342ae03) x28 0x00000000 mem 0x90024034
core   0: 0x80000078 (0x00003e97) auipc   x29, 0x3
core   0: 3 0x80000078 (0x00003e97) x29 0x80003078
core   0: 0x8000007c (0xf88e8e93) addi    x29, x29, -120
core   0: 3 0x8000007c (0xf88e8e93) x29 0x80003000
core   0: 0x80000080 (0x00003f17) auipc   x30, 0x3
core   0: 3 0x80000080 (0x00003f17) x30 0x80003080
core   0: 0x80000084 (0xf84f0f13) addi    x30, x30, -124
core   0: 3 0x80000084 (0xf84f0f13) x30 0x80003004
core   0: 0x80000088 (0x007ea023) sw      x7, 0(x29)
core   0: 3 0x80000088 (0x007ea023) mem 0x80003000 0x00000000
core   0: 0x8000008c (0x01cf2023) sw      x28, 0(x30)
core   0: 3 0x8000008c (0x01cf2023) mem 0x80003004 0x00000000
core   0: 0x80000090 (0x00000f97) auipc   x31, 0x0
core   0: 3 0x80000090 (0x00000f97) x31 0x80000090
core   0: 0x80000094 (0x018f8f93) addi    x31, x31, 24
core   0: 3 0x80000094 (0x018f8f93) x31 0x800000a8
core   0: 0x80000098 (0x305f9073) csrw    mtvec, x31
core   0: 3 0x80000098 (0x305f9073) c773_mtvec 0x800000a8
core   0: 0x8000009c (0x000300e7) jalr    x6
core   0: 3 0x8000009c (0x000300e7) x1  0x800000a0
core   0: 0x800000b8 (0x00810113) addi    x2, x2, 8
core   0: 3 0x800000b8 (0x00810113) x2  0x70000008
core   0: 0x800000bc (0x00820213) addi    x4, x4, 8
core   0: 3 0x800000bc (0x00820213) x4  0x00000008
core   0: 0x800000c0 (0x0010200b) regext  x0, x0,  0 0 0 1 
core   0: 3 0x800000c0 (0x0010200b)
core   0: 0x800000c4 (0x5e024057) vmv.v.x v0, x4
core   0: 3 0x800000c4 (0x5e024057) c8_vstart 0x00000000 e32 m1 l32 v32 ffffffff 0x00000008 00000008 00000008 00000008 00000008 00000008 00000008 00000008 00000008 00000008 00000008 00000008 00000008 00000008 00000008 00000008 00000008 00000008 00000008 00000008 00000008 00000008 00000008 00000008 00000008 00000008 00000008 00000008 00000008 00000008 00000008 00000008 
core   0: 0x800000c8 (0xfe112c23) sw      x1, -8(x2)
core   0: 3 0x800000c8 (0xfe112c23) mem 0x70000000 0x800000a0
core   0: 0x800000cc (0x0480200b) regext  x0, x0,  0 1 1 0 
core   0: 3 0x800000cc (0x0480200b)
core   0: 0x800000d0 (0xfe102c2b) vsw.v   v1, x0, -8
core   0: 3 0x800000d0 (0xfe102c2b) c8_vstart 0x00000000 mem 0x90004000 0x00000000 mem 0x90004004 0x00000000 mem 0x90004008 0x00000000 mem 0x9000400c 0x00000000 mem 0x90004010 0x00000000 mem 0x90004014 0x00000000 mem 0x90004018 0x00000000 mem 0x9000401c 0x00000000 mem 0x90004020 0x00000000 mem 0x90004024 0x00000000 mem 0x90004028 0x00000000 mem 0x9000402c 0x00000000 mem 0x90004030 0x00000000 mem 0x90004034 0x00000000 mem 0x90004038 0x00000000 mem 0x9000403c 0x00000000 mem 0x90004040 0x00000000 mem 0x90004044 0x00000000 mem 0x90004048 0x00000000 mem 0x9000404c 0x00000000 mem 0x90004050 0x00000000 mem 0x90004054 0x00000000 mem 0x90004058 0x00000000 mem 0x9000405c 0x00000000 mem 0x90004060 0x00000000 mem 0x90004064 0x00000000 mem 0x90004068 0x00000000 mem 0x9000406c 0x00000000 mem 0x90004070 0x00000000 mem 0x90004074 0x00000000 mem 0x90004078 0x00000000 mem 0x9000407c 0x00000000
core   0: 0x800000d4 (0x00052283) lw      x5, 0(x10)
core   0: 3 0x800000d4 (0x00052283) x5  0x90000000 mem 0x90003000
core   0: 0x800000d8 (0xfe512e23) sw      x5, -4(x2)
core   0: 3 0x800000d8 (0xfe512e23) mem 0x70000004 0x90000000
core   0: 0x800000dc (0x0010200b) regext  x0, x0,  0 0 0 1 
core   0: 3 0x800000dc (0x0010200b)
core   0: 0x800000e0 (0x5e0040d7) vmv.v.x v1, x0
core   0: 3 0x800000e0 (0x5e0040d7) c8_vstart 0x00000000 e32 m1 l32 v33 ffffffff 0x00000000 00000000 00000000 00000000 00000000 00000000 00000000 00000000 00000000 00000000 00000000 00000000 00000000 00000000 00000000 00000000 00000000 00000000 00000000 00000000 00000000 00000000 00000000 00000000 00000000 00000000 00000000 00000000 00000000 00000000 00000000 00000000 
core   0: 0x800000e4 (0x5e004057) vmv.v.x v0, x0
core   0: 3 0x800000e4 (0x5e004057) c8_vstart 0x00000000 e32 m1 l32 v0  ffffffff 0x00000000 00000000 00000000 00000000 00000000 00000000 00000000 00000000 00000000 00000000 00000000 00000000 00000000 00000000 00000000 00000000 00000000 00000000 00000000 00000000 00000000 00000000 00000000 00000000 00000000 00000000 00000000 00000000 00000000 00000000 00000000 00000000 
core   0: 0x800000e8 (0x088000ef) jal     pc + 0x88
core   0: 3 0x800000e8 (0x088000ef) x1  0x800000ec
core   0: 0x80000170 (0x00410113) addi    x2, x2, 4
core   0: 3 0x80000170 (0x00410113) x2  0x7000000c
core   0: 0x80000174 (0xfe112e23) sw      x1, -4(x2)
core   0: 3 0x80000174 (0xfe112e23) mem 0x70000008 0x800000ec
core   0: 0x80000178 (0x00200293) li      x5, 2
core   0: 3 0x80000178 (0x00200293) x5  0x00000002
core   0: 0x8000017c (0x5e02c0d7) vmv.v.x v1, x5
core   0: 3 0x8000017c (0x5e02c0d7) c8_vstart 0x00000000 e32 m1 l32 v1  ffffffff 0x00000002 00000002 00000002 00000002 00000002 00000002 00000002 00000002 00000002 00000002 00000002 00000002 00000002 00000002 00000002 00000002 00000002 00000002 00000002 00000002 00000002 00000002 00000002 00000002 00000002 00000002 00000002 00000002 00000002 00000002 00000002 00000002 
core   0: 0x80000180 (0x00000317) auipc   x6, 0x0
core   0: 3 0x80000180 (0x00000317) x6  0x80000180
core   0: 0x80000184 (0x04c3305b) setrpc  x0, x6, 76
core   0: 3 0x80000184 (0x04c3305b) c2060_rpc 0x800001cc current mask:	ffffffff current npc:	00000000 stack size: 0
core   0: 0x80000188 (0x0200885b) vbeq    v0, v1, pc + 48
core   0: 3 0x80000188 (0x0200885b) c8_vstart 0x00000000 e32 m1 l32 current mask:	ffffffff current npc:	8000018c stack size: 0
core   0: 0x8000018c (0x00100293) li      x5, 1
core   0: 3 0x8000018c (0x00100293) x5  0x00000001
core   0: 0x80000190 (0x5e02c0d7) vmv.v.x v1, x5
core   0: 3 0x80000190 (0x5e02c0d7) c8_vstart 0x00000000 e32 m1 l32 v1  ffffffff 0x00000001 00000001 00000001 00000001 00000001 00000001 00000001 00000001 00000001 00000001 00000001 00000001 00000001 00000001 00000001 00000001 00000001 00000001 00000001 00000001 00000001 00000001 00000001 00000001 00000001 00000001 00000001 00000001 00000001 00000001 00000001 00000001 
core   0: 0x80000194 (0x00000317) auipc   x6, 0x0
core   0: 3 0x80000194 (0x00000317) x6  0x80000194
core   0: 0x80000198 (0x0383305b) setrpc  x0, x6, 56
core   0: 3 0x80000198 (0x0383305b) c2060_rpc 0x800001cc current mask:	ffffffff current npc:	8000018c stack size: 0
core   0: 0x8000019c (0x0200825b) vbeq    v0, v1, pc + 36
core   0: 3 0x8000019c (0x0200825b) c8_vstart 0x00000000 e32 m1 l32 current mask:	ffffffff current npc:	800001a0 stack size: 0
core   0: 0x800001a0 (0x5e0040d7) vmv.v.x v1, x0
core   0: 3 0x800001a0 (0x5e0040d7) c8_vstart 0x00000000 e32 m1 l32 v1  ffffffff 0x00000000 00000000 00000000 00000000 00000000 00000000 00000000 00000000 00000000 00000000 00000000 00000000 00000000 00000000 00000000 00000000 00000000 00000000 00000000 00000000 00000000 00000000 00000000 00000000 00000000 00000000 00000000 00000000 00000000 00000000 00000000 00000000 
core   0: 0x800001a4 (0x00000317) auipc   x6, 0x0
core   0: 3 0x800001a4 (0x00000317) x6  0x800001a4
core   0: 0x800001a8 (0x0283305b) setrpc  x0, x6, 40
core   0: 3 0x800001a8 (0x0283305b) c2060_rpc 0x800001cc current mask:	ffffffff current npc:	800001a0 stack size: 0
core   0: 0x800001ac (0x00009e5b) vbne    v0, v1, pc + 28
core   0: 3 0x800001ac (0x00009e5b) c8_vstart 0x00000000 e32 m1 l32 current mask:	ffffffff current npc:	800001b0 stack size: 0
core   0: 0x800001b0 (0x108000ef) jal     pc + 0x108
core   0: 3 0x800001b0 (0x108000ef) x1  0x800001b4
core   0: 0x800002b8 (0x00410113) addi    x2, x2, 4
core   0: 3 0x800002b8 (0x00410113) x2  0x70000010
core   0: 0x800002bc (0xfe112e23) sw      x1, -4(x2)
core   0: 3 0x800002bc (0xfe112e23) mem 0x7000000c 0x800001b4
core   0: 0x800002c0 (0xf1dff0ef) jal     pc - 0xe4
core   0: 3 0x800002c0 (0xf1dff0ef) x1  0x800002c4
core   0: 0x800001dc (0x00410113) addi    x2, x2, 4
core   0: 3 0x800001dc (0x00410113) x2  0x70000014
core   0: 0x800001e0 (0xfe112e23) sw      x1, -4(x2)
core   0: 3 0x800001e0 (0xfe112e23) mem 0x70000010 0x800002c4
core   0: 0x800001e4 (0x80302573) csrr    x10, knl
core   0: 3 0x800001e4 (0x80302573) x10 0x90024000
core   0: 0x800001e8 (0x00852283) lw      x5, 8(x10)
core   0: 3 0x800001e8 (0x00852283) x5  0x00000001 mem 0x90024008
core   0: 0x800001ec (0x80002373) csrr    x6, tid
core   0: 3 0x800001ec (0x80002373) x6  0x00000000
core   0: 0x800001f0 (0x5208a157) vid.v   v2
core   0: 3 0x800001f0 (0x5208a157) c8_vstart 0x00000000 e32 m1 l32 v2  ffffffff 0x0000001f 0000001e 0000001d 0000001c 0000001b 0000001a 00000019 00000018 00000017 00000016 00000015 00000014 00000013 00000012 00000011 00000010 0000000f 0000000e 0000000d 0000000c 0000000b 0000000a 00000009 00000008 00000007 00000006 00000005 00000004 00000003 00000002 00000001 00000000 
core   0: 0x800001f4 (0x02234057) vadd.vx v0, v2, x6
core   0: 3 0x800001f4 (0x02234057) c8_vstart 0x00000000 e32 m1 l32 v0  ffffffff 0x0000001f 0000001e 0000001d 0000001c 0000001b 0000001a 00000019 00000018 00000017 00000016 00000015 00000014 00000013 00000012 00000011 00000010 0000000f 0000000e 0000000d 0000000c 0000000b 0000000a 00000009 00000008 00000007 00000006 00000005 00000004 00000003 00000002 00000001 00000000 
core   0: 0x800001f8 (0x01852e03) lw      x28, 24(x10)
core   0: 3 0x800001f8 (0x01852e03) x28 0x00000020 mem 0x90024018
core   0: 0x800001fc (0x8a0e6057) vremu.vx v0, v0, x28
core   0: 3 0x800001fc (0x8a0e6057) c8_vstart 0x00000000 e32 m1 l32 v0  ffffffff 0x0000001f 0000001e 0000001d 0000001c 0000001b 0000001a 00000019 00000018 00000017 00000016 00000015 00000014 00000013 00000012 00000011 00000010 0000000f 0000000e 0000000d 0000000c 0000000b 0000000a 00000009 00000008 00000007 00000006 00000005 00000004 00000003 00000002 00000001 00000000 
core   0: 0x80000200 (0xffc12083) lw      x1, -4(x2)
core   0: 3 0x80000200 (0xffc12083) x1  0x800002c4 mem 0x70000010
core   0: 0x80000204 (0xffc10113) addi    x2, x2, -4
core   0: 3 0x80000204 (0xffc10113) x2  0x70000010
core   0: 0x80000208 (0x00008067) ret
core   0: 3 0x80000208 (0x00008067)
core   0: 0x800002c4 (0x80302573) csrr    x10, knl
core   0: 3 0x800002c4 (0x80302573) x10 0x90024000
core   0: 0x800002c8 (0x80802373) csrr    x6, gidx
core   0: 3 0x800002c8 (0x80802373) x6  0x00000000
core   0: 0x800002cc (0x01852e03) lw      x28, 24(x10)
core   0: 3 0x800002cc (0x01852e03) x28 0x00000020 mem 0x90024018
core   0: 0x800002d0 (0x02452e83) lw      x29, 36(x10)
core   0: 3 0x800002d0 (0x02452e83) x29 0x00000000 mem 0x90024024
core   0: 0x800002d4 (0x03c30fb3) mul     x31, x6, x28
core   0: 3 0x800002d4 (0x03c30fb3) x31 0x00000000
core   0: 0x800002d8 (0x01df8fb3) add     x31, x31, x29
core   0: 3 0x800002d8 (0x01df8fb3) x31 0x00000000
core   0: 0x800002dc (0x020fc057) vadd.vx v0, v0, x31
core   0: 3 0x800002dc (0x020fc057) c8_vstart 0x00000000 e32 m1 l32 v0  ffffffff 0x0000001f 0000001e 0000001d 0000001c 0000001b 0000001a 00000019 00000018 00000017 00000016 00000015 00000014 00000013 00000012 00000011 00000010 0000000f 0000000e 0000000d 0000000c 0000000b 0000000a 00000009 00000008 00000007 00000006 00000005 00000004 00000003 00000002 00000001 00000000 
core   0: 0x800002e0 (0xffc12083) lw      x1, -4(x2)
core   0: 3 0x800002e0 (0xffc12083) x1  0x800001b4 mem 0x7000000c
core   0: 0x800002e4 (0xffc10113) addi    x2, x2, -4
core   0: 3 0x800002e4 (0xffc10113) x2  0x7000000c
core   0: 0x800002e8 (0x00008067) ret
core   0: 3 0x800002e8 (0x00008067)
core   0: 0x800001b4 (0x0180006f) j       pc + 0x18
core   0: 3 0x800001b4 (0x0180006f)
core   0: 0x800001cc (0x0000205b) join    v0, v0, pc + 0
core   0: 3 0x800001cc (0x0000205b) current mask:	ffffffff current npc:	800001b0 stack size: 0
core   0: 0x800001d0 (0xffc12083) lw      x1, -4(x2)
core   0: 3 0x800001d0 (0xffc12083) x1  0x800000ec mem 0x70000008
core   0: 0x800001d4 (0xffc10113) addi    x2, x2, -4
core   0: 3 0x800001d4 (0xffc10113) x2  0x70000008
core   0: 0x800001d8 (0x00008067) ret
core   0: 3 0x800001d8 (0x00008067)
core   0: 0x800000ec (0x96013057) vsll.vi v0, v0, 2
core   0: 3 0x800000ec (0x96013057) c8_vstart 0x00000000 e32 m1 l32 v0  ffffffff 0x0000007c 00000078 00000074 00000070 0000006c 00000068 00000064 00000060 0000005c 00000058 00000054 00000050 0000004c 00000048 00000044 00000040 0000003c 00000038 00000034 00000030 0000002c 00000028 00000024 00000020 0000001c 00000018 00000014 00000010 0000000c 00000008 00000004 00000000 
core   0: 0x800000f0 (0xffc12303) lw      x6, -4(x2)
core   0: 3 0x800000f0 (0xffc12303) x6  0x90000000 mem 0x70000004
core   0: 0x800000f4 (0x02034057) vadd.vx v0, v0, x6
core   0: 3 0x800000f4 (0x02034057) c8_vstart 0x00000000 e32 m1 l32 v0  ffffffff 0x9000007c 90000078 90000074 90000070 9000006c 90000068 90000064 90000060 9000005c 90000058 90000054 90000050 9000004c 90000048 90000044 90000040 9000003c 90000038 90000034 90000030 9000002c 90000028 90000024 90000020 9000001c 90000018 90000014 90000010 9000000c 90000008 90000004 90000000 
core   0: 0x800000f8 (0x0000200b) regext  x0, x0,  0 0 0 0 
core   0: 3 0x800000f8 (0x0000200b)
core   0: 0x800000fc (0x1000a0af) lr.w    x1, (x1)
core   0: 3 0x800000fc (0x1000a0af) x1  0x96013057 mem 0x800000ec
core   0: 0x80000100 (0x0210b0d7) vadd.vi v1, v1, 1
core   0: 3 0x80000100 (0x0210b0d7) c8_vstart 0x00000000 e32 m1 l32 v1  ffffffff 0x00000001 00000001 00000001 00000001 00000001 00000001 00000001 00000001 00000001 00000001 00000001 00000001 00000001 00000001 00000001 00000001 00000001 00000001 00000001 00000001 00000001 00000001 00000001 00000001 00000001 00000001 00000001 00000001 00000001 00000001 00000001 00000001 
core   0: 0x80000104 (0x00100293) li      x5, 1
core   0: 3 0x80000104 (0x00100293) x5  0x00000001
core   0: 0x80000108 (0x5e02c157) vmv.v.x v2, x5
core   0: 3 0x80000108 (0x5e02c157) c8_vstart 0x00000000 e32 m1 l32 v2  ffffffff 0x00000001 00000001 00000001 00000001 00000001 00000001 00000001 00000001 00000001 00000001 00000001 00000001 00000001 00000001 00000001 00000001 00000001 00000001 00000001 00000001 00000001 00000001 00000001 00000001 00000001 00000001 00000001 00000001 00000001 00000001 00000001 00000001 
core   0: 0x8000010c (0x0080200b) regext  x0, x0,  0 0 1 0 
core   0: 3 0x8000010c (0x0080200b)
core   0: 0x80000110 (0xfe202e2b) vsw.v   v2, x0, -4
core   0: 3 0x80000110 (0xfe202e2b) c8_vstart 0x00000000 mem 0x90004080 0x00000001 mem 0x90004084 0x00000001 mem 0x90004088 0x00000001 mem 0x9000408c 0x00000001 mem 0x90004090 0x00000001 mem 0x90004094 0x00000001 mem 0x90004098 0x00000001 mem 0x9000409c 0x00000001 mem 0x900040a0 0x00000001 mem 0x900040a4 0x00000001 mem 0x900040a8 0x00000001 mem 0x900040ac 0x00000001 mem 0x900040b0 0x00000001 mem 0x900040b4 0x00000001 mem 0x900040b8 0x00000001 mem 0x900040bc 0x00000001 mem 0x900040c0 0x00000001 mem 0x900040c4 0x00000001 mem 0x900040c8 0x00000001 mem 0x900040cc 0x00000001 mem 0x900040d0 0x00000001 mem 0x900040d4 0x00000001 mem 0x900040d8 0x00000001 mem 0x900040dc 0x00000001 mem 0x900040e0 0x00000001 mem 0x900040e4 0x00000001 mem 0x900040e8 0x00000001 mem 0x900040ec 0x00000001 mem 0x900040f0 0x00000001 mem 0x900040f4 0x00000001 mem 0x900040f8 0x00000001 mem 0x900040fc 0x00000001
core   0: 0x80000114 (0xffc20293) addi    x5, x4, -4
core   0: 3 0x80000114 (0xffc20293) x5  0x00000004
core   0: 0x80000118 (0x5e02c157) vmv.v.x v2, x5
core   0: 3 0x80000118 (0x5e02c157) c8_vstart 0x00000000 e32 m1 l32 v2  ffffffff 0x00000004 00000004 00000004 00000004 00000004 00000004 00000004 00000004 00000004 00000004 00000004 00000004 00000004 00000004 00000004 00000004 00000004 00000004 00000004 00000004 00000004 00000004 00000004 00000004 00000004 00000004 00000004 00000004 00000004 00000004 00000004 00000004 
core   0: 0x8000011c (0x181121af) sc.w    x3, x1, (x2)
core   0: 3 0x8000011c (0x181121af) x3  0x00000001
core   0: 0x80000120 (0x081121af) amoswap.w x3, x1, (x2)
core   0: 3 0x80000120 (0x081121af) x3  0x800000ec mem 0x70000008 mem 0x70000008 0x96013057
core   0: 0x80000124 (0x001121af) amoadd.w x3, x1, (x2)
core   0: 3 0x80000124 (0x001121af) x3  0x96013057 mem 0x70000008 mem 0x70000008 0x2c0260ae
core   0: 0x80000128 (0x201121af) amoxor.w x3, x1, (x2)
core   0: 3 0x80000128 (0x201121af) x3  0x2c0260ae mem 0x70000008 mem 0x70000008 0xba0350f9
core   0: 0x8000012c (0x601121af) amoand.w x3, x1, (x2)
core   0: 3 0x8000012c (0x601121af) x3  0xba0350f9 mem 0x70000008 mem 0x70000008 0x92011051
core   0: 0x80000130 (0x401121af) amoor.w x3, x1, (x2)
core   0: 3 0x80000130 (0x401121af) x3  0x92011051 mem 0x70000008 mem 0x70000008 0x96013057
core   0: 0x80000134 (0x801121af) amomin.w x3, x1, (x2)
core   0: 3 0x80000134 (0x801121af) x3  0x96013057 mem 0x70000008 mem 0x70000008 0x96013057
core   0: 0x80000138 (0xa01121af) amomax.w x3, x1, (x2)
core   0: 3 0x80000138 (0xa01121af) x3  0x96013057 mem 0x70000008 mem 0x70000008 0x96013057
core   0: 0x8000013c (0xc01121af) amominu.w x3, x1, (x2)
core   0: 3 0x8000013c (0xc01121af) x3  0x96013057 mem 0x70000008 mem 0x70000008 0x96013057
core   0: 0x80000140 (0xe01120af) amomaxu.w x1, x1, (x2)
core   0: 3 0x80000140 (0xe01120af) x1  0x96013057 mem 0x70000008 mem 0x70000008 0x96013057
core   0: 0x80000144 (0x000020fb) vlw12.v v1, v0, 0
core   0: 3 0x80000144 (0x000020fb) e32 m1 l32 v1  ffffffff 0x00000001 00000001 00000001 00000001 00000001 00000001 00000001 00000001 00000001 00000001 00000001 00000001 00000001 00000001 00000001 00000001 00000001 00000001 00000001 00000001 00000001 00000001 00000001 00000001 00000001 00000001 00000001 00000001 00000001 00000001 00000001 00000001  c8_vstart 0x00000000 mem 0x90000000 mem 0x90000004 mem 0x90000008 mem 0x9000000c mem 0x90000010 mem 0x90000014 mem 0x90000018 mem 0x9000001c mem 0x90000020 mem 0x90000024 mem 0x90000028 mem 0x9000002c mem 0x90000030 mem 0x90000034 mem 0x90000038 mem 0x9000003c mem 0x90000040 mem 0x90000044 mem 0x90000048 mem 0x9000004c mem 0x90000050 mem 0x90000054 mem 0x90000058 mem 0x9000005c mem 0x90000060 mem 0x90000064 mem 0x90000068 mem 0x9000006c mem 0x90000070 mem 0x90000074 mem 0x90000078 mem 0x9000007c
core   0: 0x80000148 (0x0210b0d7) vadd.vi v1, v1, 1
core   0: 3 0x80000148 (0x0210b0d7) c8_vstart 0x00000000 e32 m1 l32 v1  ffffffff 0x00000002 00000002 00000002 00000002 00000002 00000002 00000002 00000002 00000002 00000002 00000002 00000002 00000002 00000002 00000002 00000002 00000002 00000002 00000002 00000002 00000002 00000002 00000002 00000002 00000002 00000002 00000002 00000002 00000002 00000002 00000002 00000002 
core   0: 0x8000014c (0x0010607b) vsw12.v v1, v0, 0
core   0: 3 0x8000014c (0x0010607b) c8_vstart 0x00000000 e32 m1 l32 mem 0x90000000 0x00000002 mem 0x90000004 0x00000002 mem 0x90000008 0x00000002 mem 0x9000000c 0x00000002 mem 0x90000010 0x00000002 mem 0x90000014 0x00000002 mem 0x90000018 0x00000002 mem 0x9000001c 0x00000002 mem 0x90000020 0x00000002 mem 0x90000024 0x00000002 mem 0x90000028 0x00000002 mem 0x9000002c 0x00000002 mem 0x90000030 0x00000002 mem 0x90000034 0x00000002 mem 0x90000038 0x00000002 mem 0x9000003c 0x00000002 mem 0x90000040 0x00000002 mem 0x90000044 0x00000002 mem 0x90000048 0x00000002 mem 0x9000004c 0x00000002 mem 0x90000050 0x00000002 mem 0x90000054 0x00000002 mem 0x90000058 0x00000002 mem 0x9000005c 0x00000002 mem 0x90000060 0x00000002 mem 0x90000064 0x00000002 mem 0x90000068 0x00000002 mem 0x9000006c 0x00000002 mem 0x90000070 0x00000002 mem 0x90000074 0x00000002 mem 0x90000078 0x00000002 mem 0x9000007c 0x00000002
core   0: 0x80000150 (0xff812083) lw      x1, -8(x2)
core   0: 3 0x80000150 (0xff812083) x1  0x800000a0 mem 0x70000000
core   0: 0x80000154 (0x0090200b) regext  x0, x0,  0 0 1 1 
core   0: 3 0x80000154 (0x0090200b)
core   0: 0x80000158 (0x7f8020ab) vlw.v   v1, x0, -8
core   0: 3 0x80000158 (0x7f8020ab) e32 m1 l32 v33 ffffffff 0x00000000 00000000 00000000 00000000 00000000 00000000 00000000 00000000 00000000 00000000 00000000 00000000 00000000 00000000 00000000 00000000 00000000 00000000 00000000 00000000 00000000 00000000 00000000 00000000 00000000 00000000 00000000 00000000 00000000 00000000 00000000 00000000  c8_vstart 0x00000000 mem 0x90004000 mem 0x90004004 mem 0x90004008 mem 0x9000400c mem 0x90004010 mem 0x90004014 mem 0x90004018 mem 0x9000401c mem 0x90004020 mem 0x90004024 mem 0x90004028 mem 0x9000402c mem 0x90004030 mem 0x90004034 mem 0x90004038 mem 0x9000403c mem 0x90004040 mem 0x90004044 mem 0x90004048 mem 0x9000404c mem 0x90004050 mem 0x90004054 mem 0x90004058 mem 0x9000405c mem 0x90004060 mem 0x90004064 mem 0x90004068 mem 0x9000406c mem 0x90004070 mem 0x90004074 mem 0x90004078 mem 0x9000407c
core   0: 0x8000015c (0xff810113) addi    x2, x2, -8
core   0: 3 0x8000015c (0xff810113) x2  0x70000000
core   0: 0x80000160 (0xff820213) addi    x4, x4, -8
core   0: 3 0x80000160 (0xff820213) x4  0x00000000
core   0: 0x80000164 (0x0010200b) regext  x0, x0,  0 0 0 1 
core   0: 3 0x80000164 (0x0010200b)
core   0: 0x80000168 (0x5e024057) vmv.v.x v0, x4
core   0: 3 0x80000168 (0x5e024057) c8_vstart 0x00000000 e32 m1 l32 v32 ffffffff 0x00000000 00000000 00000000 00000000 00000000 00000000 00000000 00000000 00000000 00000000 00000000 00000000 00000000 00000000 00000000 00000000 00000000 00000000 00000000 00000000 00000000 00000000 00000000 00000000 00000000 00000000 00000000 00000000 00000000 00000000 00000000 00000000 
core   0: 0x8000016c (0x00008067) ret
core   0: 3 0x8000016c (0x00008067)
core   0: 0x800000a0 (0x0000400b) endprg  x0, x0, x0
core   0: 3 0x800000a0 (0x0000400b)
core   0: 0x800000a4 (0x0040006f) j       pc + 0x4
core   0: 3 0x800000a4 (0x0040006f)
core   0: 0x800000a8 (0x00100313) li      x6, 1
core   0: 3 0x800000a8 (0x00100313) x6  0x00000001
core   0: 0x800000ac (0x00001297) auipc   x5, 0x1
core   0: 3 0x800000ac (0x00001297) x5  0x800010ac
core   0: 0x800000b0 (0xf5428293) addi    x5, x5, -172
core   0: 3 0x800000b0 (0xf5428293) x5  0x80001000
core   0: 0x800000b4 (0x0062a023) sw      x6, 0(x5)
core   0: 3 0x800000b4 (0x0062a023) mem 0x80001000 0x00000001
