core   0: 0x00001000 (0x00000297) auipc   x5, 0x0
core   0: 3 0x00001000 (0x00000297) x5  0x00001000
core   0: 0x00001004 (0x02028593) addi    x11, x5, 32
core   0: 3 0x00001004 (0x02028593) x11 0x00001020
core   0: 0x00001008 (0xf1402573) csrr    x10, mhartid
core   0: 3 0x00001008 (0xf1402573) x10 0x00000000
core   0: 0x0000100c (0x0182a283) lw      x5, 24(x5)
core   0: 3 0x0000100c (0x0182a283) x5  0x80000000 mem 0x00001018
core   0: 0x00001010 (0x00028067) jr      x5
core   0: 3 0x00001010 (0x00028067)
core   0: 0x80000000 (0x00004197) auipc   x3, 0x4
core   0: 3 0x80000000 (0x00004197) x3  0x80004000
core   0: 0x80000004 (0x80818193) addi    x3, x3, -2040
core   0: 3 0x80000004 (0x80818193) x3  0x80003808
core   0: 0x80000008 (0x02000e93) li      x29, 32
core   0: 3 0x80000008 (0x02000e93) x29 0x00000020
core   0: 0x8000000c (0x0d0efed7) vsetvli x29, x29, e32, m1, ta, ma
core   0: 3 0x8000000c (0x0d0efed7) x29 0x00000020 c8_vstart 0x00000000 c3104_vl 0x00000020 c3105_vtype 0x000000d0 c768_mstatus 0x80000600
core   0: 0x80000010 (0x00002eb7) lui     x29, 0x2
core   0: 3 0x80000010 (0x00002eb7) x29 0x00002000
core   0: 0x80000014 (0x300eaef3) csrrs   x29, mstatus, x29
core   0: 3 0x80000014 (0x300eaef3) x29 0x80000600 c768_mstatus 0x80006600
core   0: 0x80000018 (0x00000e93) li      x29, 0
core   0: 3 0x80000018 (0x00000e93) x29 0x00000000
core   0: 0x8000001c (0x80502373) csrr    x6, wid
core   0: 3 0x8000001c (0x80502373) x6  0x00000000
core   0: 0x80000020 (0x806023f3) csrr    x7, lds
core   0: 3 0x80000020 (0x806023f3) x7  0x70000000
core   0: 0x80000024 (0x40000e13) li      x28, 1024
core   0: 3 0x80000024 (0x40000e13) x28 0x00000400
core   0: 0x80000028 (0x03c30333) mul     x6, x6, x28
core   0: 3 0x80000028 (0x03c30333) x6  0x00000000
core   0: 0x8000002c (0x00730133) add     x2, x6, x7
core   0: 3 0x8000002c (0x00730133) x2  0x70000000
core   0: 0x80000030 (0x00000213) li      x4, 0
core   0: 3 0x80000030 (0x00000213) x4  0x00000000
core   0: 0x80000034 (0x80102f73) csrr    x30, numw
core   0: 3 0x80000034 (0x80102f73) x30 0x00000001
core   0: 0x80000038 (0x40000e13) li      x28, 1024
core   0: 3 0x80000038 (0x40000e13) x28 0x00000400
core   0: 0x8000003c (0x03cf0f33) mul     x30, x30, x28
core   0: 3 0x8000003c (0x03cf0f33) x30 0x00000400
core   0: 0x80000040 (0x01e38433) add     x8, x7, x30
core   0: 3 0x80000040 (0x01e38433) x8  0x70000400
core   0: 0x80000044 (0x00003517) auipc   x10, 0x3
core   0: 3 0x80000044 (0x00003517) x10 0x80003044
core   0: 0x80000048 (0xfc450513) addi    x10, x10, -60
core   0: 3 0x80000048 (0xfc450513) x10 0x80003008
core   0: 0x8000004c (0x00003617) auipc   x12, 0x3
core   0: 3 0x8000004c (0x00003617) x12 0x8000304c
core   0: 0x80000050 (0xfbc60613) addi    x12, x12, -68
core   0: 3 0x80000050 (0xfbc60613) x12 0x80003008
core   0: 0x80000054 (0x00c50863) beq     x10, x12, pc + 16
core   0: 3 0x80000054 (0x00c50863)
core   0: 0x80000064 (0x803022f3) csrr    x5, knl
core   0: 3 0x80000064 (0x803022f3) x5  0x90024000
core   0: 0x80000068 (0x0002a303) lw      x6, 0(x5)
core   0: 3 0x80000068 (0x0002a303) x6  0x800000b8 mem 0x90024000
core   0: 0x8000006c (0x0042a503) lw      x10, 4(x5)
core   0: 3 0x8000006c (0x0042a503) x10 0x90003000 mem 0x90024004
core   0: 0x80000070 (0x0302a383) lw      x7, 48(x5)
core   0: 3 0x80000070 (0x0302a383) x7  0x00000000 mem 0x90024030
core   0: 0x80000074 (0x0342ae03) lw      x28, 52(x5)
core   0: 3 0x80000074 (0x0342ae03) x28 0x00000000 mem 0x90024034
core   0: 0x80000078 (0x00003e97) auipc   x29, 0x3
core   0: 3 0x80000078 (0x00003e97) x29 0x80003078
core   0: 0x8000007c (0xf88e8e93) addi    x29, x29, -120
core   0: 3 0x8000007c (0xf88e8e93) x29 0x80003000
core   0: 0x80000080 (0x00003f17) auipc   x30, 0x3
core   0: 3 0x80000080 (0x00003f17) x30 0x80003080
core   0: 0x80000084 (0xf84f0f13) addi    x30, x30, -124
core   0: 3 0x80000084 (0xf84f0f13) x30 0x80003004
core   0: 0x80000088 (0x007ea023) sw      x7, 0(x29)
core   0: 3 0x80000088 (0x007ea023) mem 0x80003000 0x00000000
core   0: 0x8000008c (0x01cf2023) sw      x28, 0(x30)
core   0: 3 0x8000008c (0x01cf2023) mem 0x80003004 0x00000000
core   0: 0x80000090 (0x00000f97) auipc   x31, 0x0
core   0: 3 0x80000090 (0x00000f97) x31 0x80000090
core   0: 0x80000094 (0x018f8f93) addi    x31, x31, 24
core   0: 3 0x80000094 (0x018f8f93) x31 0x800000a8
core   0: 0x80000098 (0x305f9073) csrw    mtvec, x31
core   0: 3 0x80000098 (0x305f9073) c773_mtvec 0x800000a8
core   0: 0x8000009c (0x000300e7) jalr    x6
core   0: 3 0x8000009c (0x000300e7) x1  0x800000a0
core   0: 0x800000b8 (0x01010113) addi    x2, x2, 16
core   0: 3 0x800000b8 (0x01010113) x2  0x70000010
core   0: 0x800000bc (0xfe112823) sw      x1, -16(x2)
core   0: 3 0x800000bc (0xfe112823) mem 0x70000000 0x800000a0
core   0: 0x800000c0 (0x00852283) lw      x5, 8(x10)
core   0: 3 0x800000c0 (0x00852283) x5  0x90002000 mem 0x90003008
core   0: 0x800000c4 (0xfe512e23) sw      x5, -4(x2)
core   0: 3 0x800000c4 (0xfe512e23) mem 0x7000000c 0x90002000
core   0: 0x800000c8 (0x00452283) lw      x5, 4(x10)
core   0: 3 0x800000c8 (0x00452283) x5  0x90001000 mem 0x90003004
core   0: 0x800000cc (0xfe512c23) sw      x5, -8(x2)
core   0: 3 0x800000cc (0xfe512c23) mem 0x70000008 0x90001000
core   0: 0x800000d0 (0x00052283) lw      x5, 0(x10)
core   0: 3 0x800000d0 (0x00052283) x5  0x90000000 mem 0x90003000
core   0: 0x800000d4 (0xfe512a23) sw      x5, -12(x2)
core   0: 3 0x800000d4 (0xfe512a23) mem 0x70000004 0x90000000
core   0: 0x800000d8 (0x5e004057) vmv.v.x v0, x0
core   0: 3 0x800000d8 (0x5e004057) c8_vstart 0x00000000 e32 m1 l32 v0  ffffffff 0x00000000 00000000 00000000 00000000 00000000 00000000 00000000 00000000 00000000 00000000 00000000 00000000 00000000 00000000 00000000 00000000 00000000 00000000 00000000 00000000 00000000 00000000 00000000 00000000 00000000 00000000 00000000 00000000 00000000 00000000 00000000 00000000 
core   0: 0x800000dc (0x044000ef) jal     pc + 0x44
core   0: 3 0x800000dc (0x044000ef) x1  0x800000e0
core   0: 0x80000120 (0x00410113) addi    x2, x2, 4
core   0: 3 0x80000120 (0x00410113) x2  0x70000014
core   0: 0x80000124 (0xfe112e23) sw      x1, -4(x2)
core   0: 3 0x80000124 (0xfe112e23) mem 0x70000010 0x800000e0
core   0: 0x80000128 (0x00200293) li      x5, 2
core   0: 3 0x80000128 (0x00200293) x5  0x00000002
core   0: 0x8000012c (0x5e02c0d7) vmv.v.x v1, x5
core   0: 3 0x8000012c (0x5e02c0d7) c8_vstart 0x00000000 e32 m1 l32 v1  ffffffff 0x00000002 00000002 00000002 00000002 00000002 00000002 00000002 00000002 00000002 00000002 00000002 00000002 00000002 00000002 00000002 00000002 00000002 00000002 00000002 00000002 00000002 00000002 00000002 00000002 00000002 00000002 00000002 00000002 00000002 00000002 00000002 00000002 
core   0: 0x80000130 (0x00000317) auipc   x6, 0x0
core   0: 3 0x80000130 (0x00000317) x6  0x80000130
core   0: 0x80000134 (0x04c3305b) setrpc  x0, x6, 76
core   0: 3 0x80000134 (0x04c3305b) c2060_rpc 0x8000017c current mask:	ffffffff current npc:	00000000 stack size: 0
core   0: 0x80000138 (0x0200885b) vbeq    v0, v1, pc + 48
core   0: 3 0x80000138 (0x0200885b) c8_vstart 0x00000000 e32 m1 l32 current mask:	ffffffff current npc:	8000013c stack size: 0
core   0: 0x8000013c (0x00100293) li      x5, 1
core   0: 3 0x8000013c (0x00100293) x5  0x00000001
core   0: 0x80000140 (0x5e02c0d7) vmv.v.x v1, x5
core   0: 3 0x80000140 (0x5e02c0d7) c8_vstart 0x00000000 e32 m1 l32 v1  ffffffff 0x00000001 00000001 00000001 00000001 00000001 00000001 00000001 00000001 00000001 00000001 00000001 00000001 00000001 00000001 00000001 00000001 00000001 00000001 00000001 00000001 00000001 00000001 00000001 00000001 00000001 00000001 00000001 00000001 00000001 00000001 00000001 00000001 
core   0: 0x80000144 (0x00000317) auipc   x6, 0x0
core   0: 3 0x80000144 (0x00000317) x6  0x80000144
core   0: 0x80000148 (0x0383305b) setrpc  x0, x6, 56
core   0: 3 0x80000148 (0x0383305b) c2060_rpc 0x8000017c current mask:	ffffffff current npc:	8000013c stack size: 0
core   0: 0x8000014c (0x0200825b) vbeq    v0, v1, pc + 36
core   0: 3 0x8000014c (0x0200825b) c8_vstart 0x00000000 e32 m1 l32 current mask:	ffffffff current npc:	80000150 stack size: 0
core   0: 0x80000150 (0x5e0040d7) vmv.v.x v1, x0
core   0: 3 0x80000150 (0x5e0040d7) c8_vstart 0x00000000 e32 m1 l32 v1  ffffffff 0x00000000 00000000 00000000 00000000 00000000 00000000 00000000 00000000 00000000 00000000 00000000 00000000 00000000 00000000 00000000 00000000 00000000 00000000 00000000 00000000 00000000 00000000 00000000 00000000 00000000 00000000 00000000 00000000 00000000 00000000 00000000 00000000 
core   0: 0x80000154 (0x00000317) auipc   x6, 0x0
core   0: 3 0x80000154 (0x00000317) x6  0x80000154
core   0: 0x80000158 (0x0283305b) setrpc  x0, x6, 40
core   0: 3 0x80000158 (0x0283305b) c2060_rpc 0x8000017c current mask:	ffffffff current npc:	80000150 stack size: 0
core   0: 0x8000015c (0x00009e5b) vbne    v0, v1, pc + 28
core   0: 3 0x8000015c (0x00009e5b) c8_vstart 0x00000000 e32 m1 l32 current mask:	ffffffff current npc:	80000160 stack size: 0
core   0: 0x80000160 (0x108000ef) jal     pc + 0x108
core   0: 3 0x80000160 (0x108000ef) x1  0x80000164
core   0: 0x80000268 (0x00410113) addi    x2, x2, 4
core   0: 3 0x80000268 (0x00410113) x2  0x70000018
core   0: 0x8000026c (0xfe112e23) sw      x1, -4(x2)
core   0: 3 0x8000026c (0xfe112e23) mem 0x70000014 0x80000164
core   0: 0x80000270 (0xf1dff0ef) jal     pc - 0xe4
core   0: 3 0x80000270 (0xf1dff0ef) x1  0x80000274
core   0: 0x8000018c (0x00410113) addi    x2, x2, 4
core   0: 3 0x8000018c (0x00410113) x2  0x7000001c
core   0: 0x80000190 (0xfe112e23) sw      x1, -4(x2)
core   0: 3 0x80000190 (0xfe112e23) mem 0x70000018 0x80000274
core   0: 0x80000194 (0x80302573) csrr    x10, knl
core   0: 3 0x80000194 (0x80302573) x10 0x90024000
core   0: 0x80000198 (0x00852283) lw      x5, 8(x10)
core   0: 3 0x80000198 (0x00852283) x5  0x00000001 mem 0x90024008
core   0: 0x8000019c (0x80002373) csrr    x6, tid
core   0: 3 0x8000019c (0x80002373) x6  0x00000000
core   0: 0x800001a0 (0x5208a157) vid.v   v2
core   0: 3 0x800001a0 (0x5208a157) c8_vstart 0x00000000 e32 m1 l32 v2  ffffffff 0x0000001f 0000001e 0000001d 0000001c 0000001b 0000001a 00000019 00000018 00000017 00000016 00000015 00000014 00000013 00000012 00000011 00000010 0000000f 0000000e 0000000d 0000000c 0000000b 0000000a 00000009 00000008 00000007 00000006 00000005 00000004 00000003 00000002 00000001 00000000 
core   0: 0x800001a4 (0x02234057) vadd.vx v0, v2, x6
core   0: 3 0x800001a4 (0x02234057) c8_vstart 0x00000000 e32 m1 l32 v0  ffffffff 0x0000001f 0000001e 0000001d 0000001c 0000001b 0000001a 00000019 00000018 00000017 00000016 00000015 00000014 00000013 00000012 00000011 00000010 0000000f 0000000e 0000000d 0000000c 0000000b 0000000a 00000009 00000008 00000007 00000006 00000005 00000004 00000003 00000002 00000001 00000000 
core   0: 0x800001a8 (0x01852e03) lw      x28, 24(x10)
core   0: 3 0x800001a8 (0x01852e03) x28 0x00000020 mem 0x90024018
core   0: 0x800001ac (0x8a0e6057) vremu.vx v0, v0, x28
core   0: 3 0x800001ac (0x8a0e6057) c8_vstart 0x00000000 e32 m1 l32 v0  ffffffff 0x0000001f 0000001e 0000001d 0000001c 0000001b 0000001a 00000019 00000018 00000017 00000016 00000015 00000014 00000013 00000012 00000011 00000010 0000000f 0000000e 0000000d 0000000c 0000000b 0000000a 00000009 00000008 00000007 00000006 00000005 00000004 00000003 00000002 00000001 00000000 
core   0: 0x800001b0 (0xffc12083) lw      x1, -4(x2)
core   0: 3 0x800001b0 (0xffc12083) x1  0x80000274 mem 0x70000018
core   0: 0x800001b4 (0xffc10113) addi    x2, x2, -4
core   0: 3 0x800001b4 (0xffc10113) x2  0x70000018
core   0: 0x800001b8 (0x00008067) ret
core   0: 3 0x800001b8 (0x00008067)
core   0: 0x80000274 (0x80302573) csrr    x10, knl
core   0: 3 0x80000274 (0x80302573) x10 0x90024000
core   0: 0x80000278 (0x80802373) csrr    x6, gidx
core   0: 3 0x80000278 (0x80802373) x6  0x00000000
core   0: 0x8000027c (0x01852e03) lw      x28, 24(x10)
core   0: 3 0x8000027c (0x01852e03) x28 0x00000020 mem 0x90024018
core   0: 0x80000280 (0x02452e83) lw      x29, 36(x10)
core   0: 3 0x80000280 (0x02452e83) x29 0x00000000 mem 0x90024024
core   0: 0x80000284 (0x03c30fb3) mul     x31, x6, x28
core   0: 3 0x80000284 (0x03c30fb3) x31 0x00000000
core   0: 0x80000288 (0x01df8fb3) add     x31, x31, x29
core   0: 3 0x80000288 (0x01df8fb3) x31 0x00000000
core   0: 0x8000028c (0x020fc057) vadd.vx v0, v0, x31
core   0: 3 0x8000028c (0x020fc057) c8_vstart 0x00000000 e32 m1 l32 v0  ffffffff 0x0000001f 0000001e 0000001d 0000001c 0000001b 0000001a 00000019 00000018 00000017 00000016 00000015 00000014 00000013 00000012 00000011 00000010 0000000f 0000000e 0000000d 0000000c 0000000b 0000000a 00000009 00000008 00000007 00000006 00000005 00000004 00000003 00000002 00000001 00000000 
core   0: 0x80000290 (0xffc12083) lw      x1, -4(x2)
core   0: 3 0x80000290 (0xffc12083) x1  0x80000164 mem 0x70000014
core   0: 0x80000294 (0xffc10113) addi    x2, x2, -4
core   0: 3 0x80000294 (0xffc10113) x2  0x70000014
core   0: 0x80000298 (0x00008067) ret
core   0: 3 0x80000298 (0x00008067)
core   0: 0x80000164 (0x0180006f) j       pc + 0x18
core   0: 3 0x80000164 (0x0180006f)
core   0: 0x8000017c (0x0000205b) join    v0, v0, pc + 0
core   0: 3 0x8000017c (0x0000205b) current mask:	ffffffff current npc:	80000160 stack size: 0
core   0: 0x80000180 (0xffc12083) lw      x1, -4(x2)
core   0: 3 0x80000180 (0xffc12083) x1  0x800000e0 mem 0x70000010
core   0: 0x80000184 (0xffc10113) addi    x2, x2, -4
core   0: 3 0x80000184 (0xffc10113) x2  0x70000010
core   0: 0x80000188 (0x00008067) ret
core   0: 3 0x80000188 (0x00008067)
core   0: 0x800000e0 (0x96013057) vsll.vi v0, v0, 2
core   0: 3 0x800000e0 (0x96013057) c8_vstart 0x00000000 e32 m1 l32 v0  ffffffff 0x0000007c 00000078 00000074 00000070 0000006c 00000068 00000064 00000060 0000005c 00000058 00000054 00000050 0000004c 00000048 00000044 00000040 0000003c 00000038 00000034 00000030 0000002c 00000028 00000024 00000020 0000001c 00000018 00000014 00000010 0000000c 00000008 00000004 00000000 
core   0: 0x800000e4 (0xff412283) lw      x5, -12(x2)
core   0: 3 0x800000e4 (0xff412283) x5  0x90000000 mem 0x70000004
core   0: 0x800000e8 (0x0202c0d7) vadd.vx v1, v0, x5
core   0: 3 0x800000e8 (0x0202c0d7) c8_vstart 0x00000000 e32 m1 l32 v1  ffffffff 0x9000007c 90000078 90000074 90000070 9000006c 90000068 90000064 90000060 9000005c 90000058 90000054 90000050 9000004c 90000048 90000044 90000040 9000003c 90000038 90000034 90000030 9000002c 90000028 90000024 90000020 9000001c 90000018 90000014 90000010 9000000c 90000008 90000004 90000000 
core   0: 0x800000ec (0xff812283) lw      x5, -8(x2)
core   0: 3 0x800000ec (0xff812283) x5  0x90001000 mem 0x70000008
core   0: 0x800000f0 (0x0202c157) vadd.vx v2, v0, x5
core   0: 3 0x800000f0 (0x0202c157) c8_vstart 0x00000000 e32 m1 l32 v2  ffffffff 0x9000107c 90001078 90001074 90001070 9000106c 90001068 90001064 90001060 9000105c 90001058 90001054 90001050 9000104c 90001048 90001044 90001040 9000103c 90001038 90001034 90001030 9000102c 90001028 90001024 90001020 9000101c 90001018 90001014 90001010 9000100c 90001008 90001004 90001000 
core   0: 0x800000f4 (0xffc12283) lw      x5, -4(x2)
core   0: 3 0x800000f4 (0xffc12283) x5  0x90002000 mem 0x7000000c
core   0: 0x800000f8 (0x0001217b) vlw12.v v2, v2, 0
core   0: 3 0x800000f8 (0x0001217b) e32 m1 l32 v2  ffffffff 0x3cae2a75 b0b538d0 2da9b80a 3388bc0c bc80a78c ba643a9a 367c3d12 33d1b483 b1343659 3bccbe58 b48db9c0 38bfb578 40693616 b223be26 34f6b8ac 3885bfb5 3880b6bb 3c5ab888 2a4c30b6 b58e017f b1dd33bd 3cda3d41 bc95be69 2a603c05 bc48b5d6 3d12c0e5 275b3bbc bfe8b55d bd003a93 bae1b63c b86d3f05 381eb1ef  c8_vstart 0x00000000 mem 0x90001000 mem 0x90001004 mem 0x90001008 mem 0x9000100c mem 0x90001010 mem 0x90001014 mem 0x90001018 mem 0x9000101c mem 0x90001020 mem 0x90001024 mem 0x90001028 mem 0x9000102c mem 0x90001030 mem 0x90001034 mem 0x90001038 mem 0x9000103c mem 0x90001040 mem 0x90001044 mem 0x90001048 mem 0x9000104c mem 0x90001050 mem 0x90001054 mem 0x90001058 mem 0x9000105c mem 0x90001060 mem 0x90001064 mem 0x90001068 mem 0x9000106c mem 0x90001070 mem 0x90001074 mem 0x90001078 mem 0x9000107c
core   0: 0x800000fc (0x0000a0fb) vlw12.v v1, v1, 0
core   0: 3 0x800000fc (0x0000a0fb) e32 m1 l32 v1  ffffffff 0xb3b53aeb 3af13c17 34d23b0b 2dbd3d01 3d2da6e7 3699b4ec b3343583 bee23e45 2ce8bd73 390f416f 3b02391b b9dfbcea b8ee3709 bb6cbef5 3853c020 b8e63ba5 bc763742 bc86bd83 bc893c81 be2b2074 2ab9bdd3 b097b5a3 bf08bc68 3f5bb801 3997b87c 3a8e3e47 3be2b925 abb73ad0 382b39d8 b828acb7 b74c3ce6 b7eeb49a  c8_vstart 0x00000000 mem 0x90000000 mem 0x90000004 mem 0x90000008 mem 0x9000000c mem 0x90000010 mem 0x90000014 mem 0x90000018 mem 0x9000001c mem 0x90000020 mem 0x90000024 mem 0x90000028 mem 0x9000002c mem 0x90000030 mem 0x90000034 mem 0x90000038 mem 0x9000003c mem 0x90000040 mem 0x90000044 mem 0x90000048 mem 0x9000004c mem 0x90000050 mem 0x90000054 mem 0x90000058 mem 0x9000005c mem 0x90000060 mem 0x90000064 mem 0x90000068 mem 0x9000006c mem 0x90000070 mem 0x90000074 mem 0x90000078 mem 0x9000007c
core   0: 0x80000100 (0x0202c057) vadd.vx v0, v0, x5
core   0: 3 0x80000100 (0x0202c057) c8_vstart 0x00000000 e32 m1 l32 v0  ffffffff 0x9000207c 90002078 90002074 90002070 9000206c 90002068 90002064 90002060 9000205c 90002058 90002054 90002050 9000204c 90002048 90002044 90002040 9000203c 90002038 90002034 90002030 9000202c 90002028 90002024 90002020 9000201c 90002018 90002014 90002010 9000200c 90002008 90002004 90002000 
core   0: 0x80000104 (0x0401c00b) barrier x0, x0, 3
core   0: 3 0x80000104 (0x0401c00b)
core   0: 0x80000108 (0x12110085) mma     v1, v1, v2
core   0: 3 0x80000108 (0x12110085) c8_vstart 0x00000000 e32 m1 l32 v1  ffffffff 0xb3b53aeb 3af13c17 34d23b0b 2dbd3d01 3d2da6e7 3699b4ec b3343583 bee23e45 2ce8bd73 390f416f 3b02391b b9dfbcea b8ee3709 bb6cbef5 3853c020 b8e63ba5 bc8c40e8 bbcabffe 3281b7da c7833e2b 406bb687 38672cac c53347d4 4a76c964 b7f64116 c0384410 4807c412 b8284922 3e52be5d c1b4bf83 44a134d2 c50340ac 
core   0: 0x8000010c (0x0401c00b) barrier x0, x0, 3
core   0: 3 0x8000010c (0x0401c00b)
core   0: 0x80000110 (0x0010607b) vsw12.v v1, v0, 0
core   0: 3 0x80000110 (0x0010607b) c8_vstart 0x00000000 e32 m1 l32 mem 0x90002000 0xc50340ac mem 0x90002004 0x44a134d2 mem 0x90002008 0xc1b4bf83 mem 0x9000200c 0x3e52be5d mem 0x90002010 0xb8284922 mem 0x90002014 0x4807c412 mem 0x90002018 0xc0384410 mem 0x9000201c 0xb7f64116 mem 0x90002020 0x4a76c964 mem 0x90002024 0xc53347d4 mem 0x90002028 0x38672cac mem 0x9000202c 0x406bb687 mem 0x90002030 0xc7833e2b mem 0x90002034 0x3281b7da mem 0x90002038 0xbbcabffe mem 0x9000203c 0xbc8c40e8 mem 0x90002040 0xb8e63ba5 mem 0x90002044 0x3853c020 mem 0x90002048 0xbb6cbef5 mem 0x9000204c 0xb8ee3709 mem 0x90002050 0xb9dfbcea mem 0x90002054 0x3b02391b mem 0x90002058 0x390f416f mem 0x9000205c 0x2ce8bd73 mem 0x90002060 0xbee23e45 mem 0x90002064 0xb3343583 mem 0x90002068 0x3699b4ec mem 0x9000206c 0x3d2da6e7 mem 0x90002070 0x2dbd3d01 mem 0x90002074 0x34d23b0b mem 0x90002078 0x3af13c17 mem 0x9000207c 0xb3b53aeb
core   0: 0x80000114 (0xff012083) lw      x1, -16(x2)
core   0: 3 0x80000114 (0xff012083) x1  0x800000a0 mem 0x70000000
core   0: 0x80000118 (0xff010113) addi    x2, x2, -16
core   0: 3 0x80000118 (0xff010113) x2  0x70000000
core   0: 0x8000011c (0x00008067) ret
core   0: 3 0x8000011c (0x00008067)
core   0: 0x800000a0 (0x0000400b) endprg  x0, x0, x0
core   0: 3 0x800000a0 (0x0000400b)
core   0: 0x800000a4 (0x0040006f) j       pc + 0x4
core   0: 3 0x800000a4 (0x0040006f)
core   0: 0x800000a8 (0x00100313) li      x6, 1
core   0: 3 0x800000a8 (0x00100313) x6  0x00000001
core   0: 0x800000ac (0x00001297) auipc   x5, 0x1
core   0: 3 0x800000ac (0x00001297) x5  0x800010ac
core   0: 0x800000b0 (0xf5428293) addi    x5, x5, -172
core   0: 3 0x800000b0 (0xf5428293) x5  0x80001000
core   0: 0x800000b4 (0x0062a023) sw      x6, 0(x5)
core   0: 3 0x800000b4 (0x0062a023) mem 0x80001000 0x00000001
