core   0: 0x00001000 (0x00000297) auipc   x5, 0x0
core   0: 3 0x00001000 (0x00000297) x5  0x00001000
core   0: 0x00001004 (0x02028593) addi    x11, x5, 32
core   0: 3 0x00001004 (0x02028593) x11 0x00001020
core   0: 0x00001008 (0xf1402573) csrr    x10, mhartid
core   0: 3 0x00001008 (0xf1402573) x10 0x00000000
core   0: 0x0000100c (0x0182a283) lw      x5, 24(x5)
core   0: 3 0x0000100c (0x0182a283) x5  0x80000000 mem 0x00001018
core   0: 0x00001010 (0x00028067) jr      x5
core   0: 3 0x00001010 (0x00028067)
core   0: 0x80000000 (0x00004197) auipc   x3, 0x4
core   0: 3 0x80000000 (0x00004197) x3  0x80004000
core   0: 0x80000004 (0x80818193) addi    x3, x3, -2040
core   0: 3 0x80000004 (0x80818193) x3  0x80003808
core   0: 0x80000008 (0x02000e93) li      x29, 32
core   0: 3 0x80000008 (0x02000e93) x29 0x00000020
core   0: 0x8000000c (0x0d0efed7) vsetvli x29, x29, e32, m1, ta, ma
core   0: 3 0x8000000c (0x0d0efed7) x29 0x00000020 c8_vstart 0x00000000 c3104_vl 0x00000020 c3105_vtype 0x000000d0 c768_mstatus 0x80000600
core   0: 0x80000010 (0x00002eb7) lui     x29, 0x2
core   0: 3 0x80000010 (0x00002eb7) x29 0x00002000
core   0: 0x80000014 (0x300eaef3) csrrs   x29, mstatus, x29
core   0: 3 0x80000014 (0x300eaef3) x29 0x80000600 c768_mstatus 0x80006600
core   0: 0x80000018 (0x00000e93) li      x29, 0
core   0: 3 0x80000018 (0x00000e93) x29 0x00000000
core   0: 0x8000001c (0x80502373) csrr    x6, wid
core   0: 3 0x8000001c (0x80502373) x6  0x00000000
core   0: 0x80000020 (0x806023f3) csrr    x7, lds
core   0: 3 0x80000020 (0x806023f3) x7  0x70000000
core   0: 0x80000024 (0x40000e13) li      x28, 1024
core   0: 3 0x80000024 (0x40000e13) x28 0x00000400
core   0: 0x80000028 (0x03c30333) mul     x6, x6, x28
core   0: 3 0x80000028 (0x03c30333) x6  0x00000000
core   0: 0x8000002c (0x00730133) add     x2, x6, x7
core   0: 3 0x8000002c (0x00730133) x2  0x70000000
core   0: 0x80000030 (0x00000213) li      x4, 0
core   0: 3 0x80000030 (0x00000213) x4  0x00000000
core   0: 0x80000034 (0x80102f73) csrr    x30, numw
core   0: 3 0x80000034 (0x80102f73) x30 0x00000001
core   0: 0x80000038 (0x40000e13) li      x28, 1024
core   0: 3 0x80000038 (0x40000e13) x28 0x00000400
core   0: 0x8000003c (0x03cf0f33) mul     x30, x30, x28
core   0: 3 0x8000003c (0x03cf0f33) x30 0x00000400
core   0: 0x80000040 (0x01e38433) add     x8, x7, x30
core   0: 3 0x80000040 (0x01e38433) x8  0x70000400
core   0: 0x80000044 (0x00003517) auipc   x10, 0x3
core   0: 3 0x80000044 (0x00003517) x10 0x80003044
core   0: 0x80000048 (0xfc450513) addi    x10, x10, -60
core   0: 3 0x80000048 (0xfc450513) x10 0x80003008
core   0: 0x8000004c (0x00003617) auipc   x12, 0x3
core   0: 3 0x8000004c (0x00003617) x12 0x8000304c
core   0: 0x80000050 (0xfbc60613) addi    x12, x12, -68
core   0: 3 0x80000050 (0xfbc60613) x12 0x80003008
core   0: 0x80000054 (0x00c50863) beq     x10, x12, pc + 16
core   0: 3 0x80000054 (0x00c50863)
core   0: 0x80000064 (0x803022f3) csrr    x5, knl
core   0: 3 0x80000064 (0x803022f3) x5  0x90026000
core   0: 0x80000068 (0x0002a303) lw      x6, 0(x5)
core   0: 3 0x80000068 (0x0002a303) x6  0x800000b8 mem 0x90026000
core   0: 0x8000006c (0x0042a503) lw      x10, 4(x5)
core   0: 3 0x8000006c (0x0042a503) x10 0x90005000 mem 0x90026004
core   0: 0x80000070 (0x0302a383) lw      x7, 48(x5)
core   0: 3 0x80000070 (0x0302a383) x7  0x00000000 mem 0x90026030
core   0: 0x80000074 (0x0342ae03) lw      x28, 52(x5)
core   0: 3 0x80000074 (0x0342ae03) x28 0x00000000 mem 0x90026034
core   0: 0x80000078 (0x00003e97) auipc   x29, 0x3
core   0: 3 0x80000078 (0x00003e97) x29 0x80003078
core   0: 0x8000007c (0xf88e8e93) addi    x29, x29, -120
core   0: 3 0x8000007c (0xf88e8e93) x29 0x80003000
core   0: 0x80000080 (0x00003f17) auipc   x30, 0x3
core   0: 3 0x80000080 (0x00003f17) x30 0x80003080
core   0: 0x80000084 (0xf84f0f13) addi    x30, x30, -124
core   0: 3 0x80000084 (0xf84f0f13) x30 0x80003004
core   0: 0x80000088 (0x007ea023) sw      x7, 0(x29)
core   0: 3 0x80000088 (0x007ea023) mem 0x80003000 0x00000000
core   0: 0x8000008c (0x01cf2023) sw      x28, 0(x30)
core   0: 3 0x8000008c (0x01cf2023) mem 0x80003004 0x00000000
core   0: 0x80000090 (0x00000f97) auipc   x31, 0x0
core   0: 3 0x80000090 (0x00000f97) x31 0x80000090
core   0: 0x80000094 (0x018f8f93) addi    x31, x31, 24
core   0: 3 0x80000094 (0x018f8f93) x31 0x800000a8
core   0: 0x80000098 (0x305f9073) csrw    mtvec, x31
core   0: 3 0x80000098 (0x305f9073) c773_mtvec 0x800000a8
core   0: 0x8000009c (0x000300e7) jalr    x6
core   0: 3 0x8000009c (0x000300e7) x1  0x800000a0
core   0: 0x800000b8 (0x01810113) addi    x2, x2, 24
core   0: 3 0x800000b8 (0x01810113) x2  0x70000018
core   0: 0x800000bc (0xfe112423) sw      x1, -24(x2)
core   0: 3 0x800000bc (0xfe112423) mem 0x70000000 0x800000a0
core   0: 0x800000c0 (0x01052283) lw      x5, 16(x10)
core   0: 3 0x800000c0 (0x01052283) x5  0x90004000 mem 0x90005010
core   0: 0x800000c4 (0xfe512e23) sw      x5, -4(x2)
core   0: 3 0x800000c4 (0xfe512e23) mem 0x70000014 0x90004000
core   0: 0x800000c8 (0x00c52283) lw      x5, 12(x10)
core   0: 3 0x800000c8 (0x00c52283) x5  0x90003000 mem 0x9000500c
core   0: 0x800000cc (0xfe512c23) sw      x5, -8(x2)
core   0: 3 0x800000cc (0xfe512c23) mem 0x70000010 0x90003000
core   0: 0x800000d0 (0x00852283) lw      x5, 8(x10)
core   0: 3 0x800000d0 (0x00852283) x5  0x90002000 mem 0x90005008
core   0: 0x800000d4 (0xfe512a23) sw      x5, -12(x2)
core   0: 3 0x800000d4 (0xfe512a23) mem 0x7000000c 0x90002000
core   0: 0x800000d8 (0x00452283) lw      x5, 4(x10)
core   0: 3 0x800000d8 (0x00452283) x5  0x90001000 mem 0x90005004
core   0: 0x800000dc (0xfe512823) sw      x5, -16(x2)
core   0: 3 0x800000dc (0xfe512823) mem 0x70000008 0x90001000
core   0: 0x800000e0 (0x00052283) lw      x5, 0(x10)
core   0: 3 0x800000e0 (0x00052283) x5  0x90000000 mem 0x90005000
core   0: 0x800000e4 (0xfe512623) sw      x5, -20(x2)
core   0: 3 0x800000e4 (0xfe512623) mem 0x70000004 0x90000000
core   0: 0x800000e8 (0x5e004057) vmv.v.x v0, x0
core   0: 3 0x800000e8 (0x5e004057) c8_vstart 0x00000000 e32 m1 l32 v0  ffffffff 0x00000000 00000000 00000000 00000000 00000000 00000000 00000000 00000000 00000000 00000000 00000000 00000000 00000000 00000000 00000000 00000000 00000000 00000000 00000000 00000000 00000000 00000000 00000000 00000000 00000000 00000000 00000000 00000000 00000000 00000000 00000000 00000000 
core   0: 0x800000ec (0x068000ef) jal     pc + 0x68
core   0: 3 0x800000ec (0x068000ef) x1  0x800000f0
core   0: 0x80000154 (0x00410113) addi    x2, x2, 4
core   0: 3 0x80000154 (0x00410113) x2  0x7000001c
core   0: 0x80000158 (0xfe112e23) sw      x1, -4(x2)
core   0: 3 0x80000158 (0xfe112e23) mem 0x70000018 0x800000f0
core   0: 0x8000015c (0x00200293) li      x5, 2
core   0: 3 0x8000015c (0x00200293) x5  0x00000002
core   0: 0x80000160 (0x5e02c0d7) vmv.v.x v1, x5
core   0: 3 0x80000160 (0x5e02c0d7) c8_vstart 0x00000000 e32 m1 l32 v1  ffffffff 0x00000002 00000002 00000002 00000002 00000002 00000002 00000002 00000002 00000002 00000002 00000002 00000002 00000002 00000002 00000002 00000002 00000002 00000002 00000002 00000002 00000002 00000002 00000002 00000002 00000002 00000002 00000002 00000002 00000002 00000002 00000002 00000002 
core   0: 0x80000164 (0x00000317) auipc   x6, 0x0
core   0: 3 0x80000164 (0x00000317) x6  0x80000164
core   0: 0x80000168 (0x04c3305b) setrpc  x0, x6, 76
core   0: 3 0x80000168 (0x04c3305b) c2060_rpc 0x800001b0 current mask:	ffffffff current npc:	00000000 stack size: 0
core   0: 0x8000016c (0x0200885b) vbeq    v0, v1, pc + 48
core   0: 3 0x8000016c (0x0200885b) c8_vstart 0x00000000 e32 m1 l32 current mask:	ffffffff current npc:	80000170 stack size: 0
core   0: 0x80000170 (0x00100293) li      x5, 1
core   0: 3 0x80000170 (0x00100293) x5  0x00000001
core   0: 0x80000174 (0x5e02c0d7) vmv.v.x v1, x5
core   0: 3 0x80000174 (0x5e02c0d7) c8_vstart 0x00000000 e32 m1 l32 v1  ffffffff 0x00000001 00000001 00000001 00000001 00000001 00000001 00000001 00000001 00000001 00000001 00000001 00000001 00000001 00000001 00000001 00000001 00000001 00000001 00000001 00000001 00000001 00000001 00000001 00000001 00000001 00000001 00000001 00000001 00000001 00000001 00000001 00000001 
core   0: 0x80000178 (0x00000317) auipc   x6, 0x0
core   0: 3 0x80000178 (0x00000317) x6  0x80000178
core   0: 0x8000017c (0x0383305b) setrpc  x0, x6, 56
core   0: 3 0x8000017c (0x0383305b) c2060_rpc 0x800001b0 current mask:	ffffffff current npc:	80000170 stack size: 0
core   0: 0x80000180 (0x0200825b) vbeq    v0, v1, pc + 36
core   0: 3 0x80000180 (0x0200825b) c8_vstart 0x00000000 e32 m1 l32 current mask:	ffffffff current npc:	80000184 stack size: 0
core   0: 0x80000184 (0x5e0040d7) vmv.v.x v1, x0
core   0: 3 0x80000184 (0x5e0040d7) c8_vstart 0x00000000 e32 m1 l32 v1  ffffffff 0x00000000 00000000 00000000 00000000 00000000 00000000 00000000 00000000 00000000 00000000 00000000 00000000 00000000 00000000 00000000 00000000 00000000 00000000 00000000 00000000 00000000 00000000 00000000 00000000 00000000 00000000 00000000 00000000 00000000 00000000 00000000 00000000 
core   0: 0x80000188 (0x00000317) auipc   x6, 0x0
core   0: 3 0x80000188 (0x00000317) x6  0x80000188
core   0: 0x8000018c (0x0283305b) setrpc  x0, x6, 40
core   0: 3 0x8000018c (0x0283305b) c2060_rpc 0x800001b0 current mask:	ffffffff current npc:	80000184 stack size: 0
core   0: 0x80000190 (0x00009e5b) vbne    v0, v1, pc + 28
core   0: 3 0x80000190 (0x00009e5b) c8_vstart 0x00000000 e32 m1 l32 current mask:	ffffffff current npc:	80000194 stack size: 0
core   0: 0x80000194 (0x108000ef) jal     pc + 0x108
core   0: 3 0x80000194 (0x108000ef) x1  0x80000198
core   0: 0x8000029c (0x00410113) addi    x2, x2, 4
core   0: 3 0x8000029c (0x00410113) x2  0x70000020
core   0: 0x800002a0 (0xfe112e23) sw      x1, -4(x2)
core   0: 3 0x800002a0 (0xfe112e23) mem 0x7000001c 0x80000198
core   0: 0x800002a4 (0xf1dff0ef) jal     pc - 0xe4
core   0: 3 0x800002a4 (0xf1dff0ef) x1  0x800002a8
core   0: 0x800001c0 (0x00410113) addi    x2, x2, 4
core   0: 3 0x800001c0 (0x00410113) x2  0x70000024
core   0: 0x800001c4 (0xfe112e23) sw      x1, -4(x2)
core   0: 3 0x800001c4 (0xfe112e23) mem 0x70000020 0x800002a8
core   0: 0x800001c8 (0x80302573) csrr    x10, knl
core   0: 3 0x800001c8 (0x80302573) x10 0x90026000
core   0: 0x800001cc (0x00852283) lw      x5, 8(x10)
core   0: 3 0x800001cc (0x00852283) x5  0x00000001 mem 0x90026008
core   0: 0x800001d0 (0x80002373) csrr    x6, tid
core   0: 3 0x800001d0 (0x80002373) x6  0x00000000
core   0: 0x800001d4 (0x5208a157) vid.v   v2
core   0: 3 0x800001d4 (0x5208a157) c8_vstart 0x00000000 e32 m1 l32 v2  ffffffff 0x0000001f 0000001e 0000001d 0000001c 0000001b 0000001a 00000019 00000018 00000017 00000016 00000015 00000014 00000013 00000012 00000011 00000010 0000000f 0000000e 0000000d 0000000c 0000000b 0000000a 00000009 00000008 00000007 00000006 00000005 00000004 00000003 00000002 00000001 00000000 
core   0: 0x800001d8 (0x02234057) vadd.vx v0, v2, x6
core   0: 3 0x800001d8 (0x02234057) c8_vstart 0x00000000 e32 m1 l32 v0  ffffffff 0x0000001f 0000001e 0000001d 0000001c 0000001b 0000001a 00000019 00000018 00000017 00000016 00000015 00000014 00000013 00000012 00000011 00000010 0000000f 0000000e 0000000d 0000000c 0000000b 0000000a 00000009 00000008 00000007 00000006 00000005 00000004 00000003 00000002 00000001 00000000 
core   0: 0x800001dc (0x01852e03) lw      x28, 24(x10)
core   0: 3 0x800001dc (0x01852e03) x28 0x00000020 mem 0x90026018
core   0: 0x800001e0 (0x8a0e6057) vremu.vx v0, v0, x28
core   0: 3 0x800001e0 (0x8a0e6057) c8_vstart 0x00000000 e32 m1 l32 v0  ffffffff 0x0000001f 0000001e 0000001d 0000001c 0000001b 0000001a 00000019 00000018 00000017 00000016 00000015 00000014 00000013 00000012 00000011 00000010 0000000f 0000000e 0000000d 0000000c 0000000b 0000000a 00000009 00000008 00000007 00000006 00000005 00000004 00000003 00000002 00000001 00000000 
core   0: 0x800001e4 (0xffc12083) lw      x1, -4(x2)
core   0: 3 0x800001e4 (0xffc12083) x1  0x800002a8 mem 0x70000020
core   0: 0x800001e8 (0xffc10113) addi    x2, x2, -4
core   0: 3 0x800001e8 (0xffc10113) x2  0x70000020
core   0: 0x800001ec (0x00008067) ret
core   0: 3 0x800001ec (0x00008067)
core   0: 0x800002a8 (0x80302573) csrr    x10, knl
core   0: 3 0x800002a8 (0x80302573) x10 0x90026000
core   0: 0x800002ac (0x80802373) csrr    x6, gidx
core   0: 3 0x800002ac (0x80802373) x6  0x00000000
core   0: 0x800002b0 (0x01852e03) lw      x28, 24(x10)
core   0: 3 0x800002b0 (0x01852e03) x28 0x00000020 mem 0x90026018
core   0: 0x800002b4 (0x02452e83) lw      x29, 36(x10)
core   0: 3 0x800002b4 (0x02452e83) x29 0x00000000 mem 0x90026024
core   0: 0x800002b8 (0x03c30fb3) mul     x31, x6, x28
core   0: 3 0x800002b8 (0x03c30fb3) x31 0x00000000
core   0: 0x800002bc (0x01df8fb3) add     x31, x31, x29
core   0: 3 0x800002bc (0x01df8fb3) x31 0x00000000
core   0: 0x800002c0 (0x020fc057) vadd.vx v0, v0, x31
core   0: 3 0x800002c0 (0x020fc057) c8_vstart 0x00000000 e32 m1 l32 v0  ffffffff 0x0000001f 0000001e 0000001d 0000001c 0000001b 0000001a 00000019 00000018 00000017 00000016 00000015 00000014 00000013 00000012 00000011 00000010 0000000f 0000000e 0000000d 0000000c 0000000b 0000000a 00000009 00000008 00000007 00000006 00000005 00000004 00000003 00000002 00000001 00000000 
core   0: 0x800002c4 (0xffc12083) lw      x1, -4(x2)
core   0: 3 0x800002c4 (0xffc12083) x1  0x80000198 mem 0x7000001c
core   0: 0x800002c8 (0xffc10113) addi    x2, x2, -4
core   0: 3 0x800002c8 (0xffc10113) x2  0x7000001c
core   0: 0x800002cc (0x00008067) ret
core   0: 3 0x800002cc (0x00008067)
core   0: 0x80000198 (0x0180006f) j       pc + 0x18
core   0: 3 0x80000198 (0x0180006f)
core   0: 0x800001b0 (0x0000205b) join    v0, v0, pc + 0
core   0: 3 0x800001b0 (0x0000205b) current mask:	ffffffff current npc:	80000194 stack size: 0
core   0: 0x800001b4 (0xffc12083) lw      x1, -4(x2)
core   0: 3 0x800001b4 (0xffc12083) x1  0x800000f0 mem 0x70000018
core   0: 0x800001b8 (0xffc10113) addi    x2, x2, -4
core   0: 3 0x800001b8 (0xffc10113) x2  0x70000018
core   0: 0x800001bc (0x00008067) ret
core   0: 3 0x800001bc (0x00008067)
core   0: 0x800000f0 (0x96013057) vsll.vi v0, v0, 2
core   0: 3 0x800000f0 (0x96013057) c8_vstart 0x00000000 e32 m1 l32 v0  ffffffff 0x0000007c 00000078 00000074 00000070 0000006c 00000068 00000064 00000060 0000005c 00000058 00000054 00000050 0000004c 00000048 00000044 00000040 0000003c 00000038 00000034 00000030 0000002c 00000028 00000024 00000020 0000001c 00000018 00000014 00000010 0000000c 00000008 00000004 00000000 
core   0: 0x800000f4 (0xfec12283) lw      x5, -20(x2)
core   0: 3 0x800000f4 (0xfec12283) x5  0x90000000 mem 0x70000004
core   0: 0x800000f8 (0x0202c0d7) vadd.vx v1, v0, x5
core   0: 3 0x800000f8 (0x0202c0d7) c8_vstart 0x00000000 e32 m1 l32 v1  ffffffff 0x9000007c 90000078 90000074 90000070 9000006c 90000068 90000064 90000060 9000005c 90000058 90000054 90000050 9000004c 90000048 90000044 90000040 9000003c 90000038 90000034 90000030 9000002c 90000028 90000024 90000020 9000001c 90000018 90000014 90000010 9000000c 90000008 90000004 90000000 
core   0: 0x800000fc (0x0000a0fb) vlw12.v v1, v1, 0
core   0: 3 0x800000fc (0x0000a0fb) e32 m1 l32 v1  ffffffff 0xb3b53aeb 3af13c17 34d23b0b 2dbd3d01 3d2da6e7 3699b4ec b3343583 bee23e45 2ce8bd73 390f416f 3b02391b b9dfbcea b8ee3709 bb6cbef5 3853c020 b8e63ba5 bc763742 bc86bd83 bc893c81 be2b2074 2ab9bdd3 b097b5a3 bf08bc68 3f5bb801 3997b87c 3a8e3e47 3be2b925 abb73ad0 382b39d8 b828acb7 b74c3ce6 b7eeb49a  c8_vstart 0x00000000 mem 0x90000000 mem 0x90000004 mem 0x90000008 mem 0x9000000c mem 0x90000010 mem 0x90000014 mem 0x90000018 mem 0x9000001c mem 0x90000020 mem 0x90000024 mem 0x90000028 mem 0x9000002c mem 0x90000030 mem 0x90000034 mem 0x90000038 mem 0x9000003c mem 0x90000040 mem 0x90000044 mem 0x90000048 mem 0x9000004c mem 0x90000050 mem 0x90000054 mem 0x90000058 mem 0x9000005c mem 0x90000060 mem 0x90000064 mem 0x90000068 mem 0x9000006c mem 0x90000070 mem 0x90000074 mem 0x90000078 mem 0x9000007c
core   0: 0x80000100 (0xff012283) lw      x5, -16(x2)
core   0: 3 0x80000100 (0xff012283) x5  0x90001000 mem 0x70000008
core   0: 0x80000104 (0x0202c157) vadd.vx v2, v0, x5
core   0: 3 0x80000104 (0x0202c157) c8_vstart 0x00000000 e32 m1 l32 v2  ffffffff 0x9000107c 90001078 90001074 90001070 9000106c 90001068 90001064 90001060 9000105c 90001058 90001054 90001050 9000104c 90001048 90001044 90001040 9000103c 90001038 90001034 90001030 9000102c 90001028 90001024 90001020 9000101c 90001018 90001014 90001010 9000100c 90001008 90001004 90001000 
core   0: 0x80000108 (0x0001217b) vlw12.v v2, v2, 0
core   0: 3 0x80000108 (0x0001217b) e32 m1 l32 v2  ffffffff 0xb3b53aeb 3af13c17 34d23b0b 2dbd3d01 3d2da6e7 3699b4ec b3343583 bee23e45 2ce8bd73 390f416f 3b02391b b9dfbcea b8ee3709 bb6cbef5 3853c020 b8e63ba5 bc763742 bc86bd83 bc893c81 be2b2074 2ab9bdd3 b097b5a3 bf08bc68 3f5bb801 3997b87c 3a8e3e47 3be2b925 abb73ad0 382b39d8 b828acb7 b74c3ce6 b7eeb49a  c8_vstart 0x00000000 mem 0x90001000 mem 0x90001004 mem 0x90001008 mem 0x9000100c mem 0x90001010 mem 0x90001014 mem 0x90001018 mem 0x9000101c mem 0x90001020 mem 0x90001024 mem 0x90001028 mem 0x9000102c mem 0x90001030 mem 0x90001034 mem 0x90001038 mem 0x9000103c mem 0x90001040 mem 0x90001044 mem 0x90001048 mem 0x9000104c mem 0x90001050 mem 0x90001054 mem 0x90001058 mem 0x9000105c mem 0x90001060 mem 0x90001064 mem 0x90001068 mem 0x9000106c mem 0x90001070 mem 0x90001074 mem 0x90001078 mem 0x9000107c
core   0: 0x8000010c (0xff412283) lw      x5, -12(x2)
core   0: 3 0x8000010c (0xff412283) x5  0x90002000 mem 0x7000000c
core   0: 0x80000110 (0x0202c1d7) vadd.vx v3, v0, x5
core   0: 3 0x80000110 (0x0202c1d7) c8_vstart 0x00000000 e32 m1 l32 v3  ffffffff 0x9000207c 90002078 90002074 90002070 9000206c 90002068 90002064 90002060 9000205c 90002058 90002054 90002050 9000204c 90002048 90002044 90002040 9000203c 90002038 90002034 90002030 9000202c 90002028 90002024 90002020 9000201c 90002018 90002014 90002010 9000200c 90002008 90002004 90002000 
core   0: 0x80000114 (0x0001a1fb) vlw12.v v3, v3, 0
core   0: 3 0x80000114 (0x0001a1fb) e32 m1 l32 v3  ffffffff 0x3cae2a75 b0b538d0 2da9b80a 3388bc0c bc80a78c ba643a9a 367c3d12 33d1b483 b1343659 3bccbe58 b48db9c0 38bfb578 40693616 b223be26 34f6b8ac 3885bfb5 3880b6bb 3c5ab888 2a4c30b6 b58e017f b1dd33bd 3cda3d41 bc95be69 2a603c05 bc48b5d6 3d12c0e5 275b3bbc bfe8b55d bd003a93 bae1b63c b86d3f05 381eb1ef  c8_vstart 0x00000000 mem 0x90002000 mem 0x90002004 mem 0x90002008 mem 0x9000200c mem 0x90002010 mem 0x90002014 mem 0x90002018 mem 0x9000201c mem 0x90002020 mem 0x90002024 mem 0x90002028 mem 0x9000202c mem 0x90002030 mem 0x90002034 mem 0x90002038 mem 0x9000203c mem 0x90002040 mem 0x90002044 mem 0x90002048 mem 0x9000204c mem 0x90002050 mem 0x90002054 mem 0x90002058 mem 0x9000205c mem 0x90002060 mem 0x90002064 mem 0x90002068 mem 0x9000206c mem 0x90002070 mem 0x90002074 mem 0x90002078 mem 0x9000207c
core   0: 0x80000118 (0xff812283) lw      x5, -8(x2)
core   0: 3 0x80000118 (0xff812283) x5  0x90003000 mem 0x70000010
core   0: 0x8000011c (0x0202c257) vadd.vx v4, v0, x5
core   0: 3 0x8000011c (0x0202c257) c8_vstart 0x00000000 e32 m1 l32 v4  ffffffff 0x9000307c 90003078 90003074 90003070 9000306c 90003068 90003064 90003060 9000305c 90003058 90003054 90003050 9000304c 90003048 90003044 90003040 9000303c 90003038 90003034 90003030 9000302c 90003028 90003024 90003020 9000301c 90003018 90003014 90003010 9000300c 90003008 90003004 90003000 
core   0: 0x80000120 (0x000222fb) vlw12.v v5, v4, 0
core   0: 3 0x80000120 (0x000222fb) e32 m1 l32 v5  ffffffff 0xbebc3738 b43db759 b6f6b8e4 3e1fad8d 3a95b5fc 3c98bf11 bad23deb b41f3bff bc433d8c b864bf47 37a5bc21 378dbd18 b8043461 370fbee1 908f2c28 b6ce36b6 b4de3b7d 354cb5a2 27523f7a b4bbba16 3116b341 ba6b3e1c bc9bb961 3787c0aa bc16b642 3c4e3074 b91c2e17 31e1332e 412f3b27 39f7399a b4e4b425 b8d139fd  c8_vstart 0x00000000 mem 0x90003000 mem 0x90003004 mem 0x90003008 mem 0x9000300c mem 0x90003010 mem 0x90003014 mem 0x90003018 mem 0x9000301c mem 0x90003020 mem 0x90003024 mem 0x90003028 mem 0x9000302c mem 0x90003030 mem 0x90003034 mem 0x90003038 mem 0x9000303c mem 0x90003040 mem 0x90003044 mem 0x90003048 mem 0x9000304c mem 0x90003050 mem 0x90003054 mem 0x90003058 mem 0x9000305c mem 0x90003060 mem 0x90003064 mem 0x90003068 mem 0x9000306c mem 0x90003070 mem 0x90003074 mem 0x90003078 mem 0x9000307c
core   0: 0x80000124 (0xffc12283) lw      x5, -4(x2)
core   0: 3 0x80000124 (0xffc12283) x5  0x90004000 mem 0x70000014
core   0: 0x80000128 (0x0202c057) vadd.vx v0, v0, x5
core   0: 3 0x80000128 (0x0202c057) c8_vstart 0x00000000 e32 m1 l32 v0  ffffffff 0x9000407c 90004078 90004074 90004070 9000406c 90004068 90004064 90004060 9000405c 90004058 90004054 90004050 9000404c 90004048 90004044 90004040 9000403c 90004038 90004034 90004030 9000402c 90004028 90004024 90004020 9000401c 90004018 90004014 90004010 9000400c 90004008 90004004 90004000 
core   0: 0x8000012c (0x0000237b) vlw12.v v6, v0, 0
core   0: 3 0x8000012c (0x0000237b) e32 m1 l32 v6  ffffffff 0xbebc3738 b43db759 b6f6b8e4 3e1fad8d 3a95b5fc 3c98bf11 bad23deb b41f3bff bc433d8c b864bf47 37a5bc21 378dbd18 b8043461 370fbee1 908f2c28 b6ce36b6 b4de3b7d 354cb5a2 27523f7a b4bbba16 3116b341 ba6b3e1c bc9bb961 3787c0aa bc16b642 3c4e3074 b91c2e17 31e1332e 412f3b27 39f7399a b4e4b425 b8d139fd  c8_vstart 0x00000000 mem 0x90004000 mem 0x90004004 mem 0x90004008 mem 0x9000400c mem 0x90004010 mem 0x90004014 mem 0x90004018 mem 0x9000401c mem 0x90004020 mem 0x90004024 mem 0x90004028 mem 0x9000402c mem 0x90004030 mem 0x90004034 mem 0x90004038 mem 0x9000403c mem 0x90004040 mem 0x90004044 mem 0x90004048 mem 0x9000404c mem 0x90004050 mem 0x90004054 mem 0x90004058 mem 0x9000405c mem 0x90004060 mem 0x90004064 mem 0x90004068 mem 0x9000406c mem 0x90004070 mem 0x90004074 mem 0x90004078 mem 0x9000407c
core   0: 0x80000130 (0x0401c00b) barrier x0, x0, 3
core   0: 3 0x80000130 (0x0401c00b)
core   0: 0x80000134 (0x0030c2e1) c.beqz  x13, pc + 192
core   0: exception trap_illegal_instruction, epc 0x80000134
core   0:           tval 0x0030c2e1
core   0: >>>>  spike_end
core   0: 0x800000a8 (0x00100313) li      x6, 1
core   0: 3 0x800000a8 (0x00100313) x6  0x00000001
core   0: 0x800000ac (0x00001297) auipc   x5, 0x1
core   0: 3 0x800000ac (0x00001297) x5  0x800010ac
core   0: 0x800000b0 (0xf5428293) addi    x5, x5, -172
core   0: 3 0x800000b0 (0xf5428293) x5  0x80001000
core   0: 0x800000b4 (0x0062a023) sw      x6, 0(x5)
core   0: 3 0x800000b4 (0x0062a023) mem 0x80001000 0x00000001
